<?xml version="1.0" encoding="UTF-8"?>
<!-- Generated by org.testng.reporters.JUnitXMLReporter -->
<testsuite hostname="PRT-4QRSD12" name="Chrome test" tests="16" failures="1" timestamp="13 Jul 2016 00:20:05 GMT" time="32.578" errors="0">
  <testcase name="@AfterMethod takeScreenShotOnFailure" time="0.0" classname="com.totalwine.test.actions.NewUserRegistrationCustomAC">
    <failure type="java.io.FileNotFoundException" message="C:\Users\rsud\.jenkins\userContent\FailureScreenshots\Production\FAIL_NewUserRegistrationCustomAcTest_2016-07-12 20 20 05.png (Access is denied)">
      <![CDATA[java.io.FileNotFoundException: C:\Users\rsud\.jenkins\userContent\FailureScreenshots\Production\FAIL_NewUserRegistrationCustomAcTest_2016-07-12 20 20 05.png (Access is denied)
	at java.io.FileOutputStream.open0(Native Method)
	at java.io.FileOutputStream.open(Unknown Source)
	at java.io.FileOutputStream.<init>(Unknown Source)
	at java.io.FileOutputStream.<init>(Unknown Source)
	at org.apache.commons.io.FileUtils.doCopyFile(FileUtils.java:1139)
	at org.apache.commons.io.FileUtils.copyFile(FileUtils.java:1091)
	at org.apache.commons.io.FileUtils.copyFile(FileUtils.java:1038)
	at com.totalwine.test.trials.Browser.takeScreenShotOnFailure(Browser.java:211)
	at sun.reflect.NativeMethodAccessorImpl.invoke0(Native Method)
	at sun.reflect.NativeMethodAccessorImpl.invoke(Unknown Source)
	at sun.reflect.DelegatingMethodAccessorImpl.invoke(Unknown Source)
	at java.lang.reflect.Method.invoke(Unknown Source)
	at org.testng.internal.MethodInvocationHelper.invokeMethod(MethodInvocationHelper.java:86)
	at org.testng.internal.Invoker.invokeConfigurationMethod(Invoker.java:514)
	at org.testng.internal.Invoker.invokeConfigurations(Invoker.java:215)
	at org.testng.internal.Invoker.invokeMethod(Invoker.java:709)
	at org.testng.internal.Invoker.invokeTestMethod(Invoker.java:822)
	at org.testng.internal.Invoker.invokeTestMethods(Invoker.java:1130)
	at org.testng.internal.TestMethodWorker.invokeTestMethods(TestMethodWorker.java:129)
	at org.testng.internal.TestMethodWorker.run(TestMethodWorker.java:112)
	at org.testng.TestRunner.privateRun(TestRunner.java:782)
	at org.testng.TestRunner.run(TestRunner.java:632)
	at org.testng.SuiteRunner.runTest(SuiteRunner.java:366)
	at org.testng.SuiteRunner.runSequentially(SuiteRunner.java:361)
	at org.testng.SuiteRunner.privateRun(SuiteRunner.java:319)
	at org.testng.SuiteRunner.run(SuiteRunner.java:268)
	at org.testng.SuiteRunnerWorker.runSuite(SuiteRunnerWorker.java:52)
	at org.testng.SuiteRunnerWorker.run(SuiteRunnerWorker.java:86)
	at org.testng.TestNG.runSuitesSequentially(TestNG.java:1244)
	at org.testng.TestNG.runSuitesLocally(TestNG.java:1169)
	at org.testng.TestNG.run(TestNG.java:1064)
	at org.testng.remote.RemoteTestNG.run(RemoteTestNG.java:113)
	at org.testng.remote.RemoteTestNG.initAndRun(RemoteTestNG.java:206)
	at org.testng.remote.RemoteTestNG.main(RemoteTestNG.java:177)
]]>
    </failure>
  </testcase> <!-- @AfterMethod takeScreenShotOnFailure -->
  <testcase name="@BeforeMethod openBrowser" time="0.0" classname="com.totalwine.test.actions.NewUserRegistrationCustomAC">
    <skipped/>
  </testcase> <!-- @BeforeMethod openBrowser -->
  <testcase name="@BeforeMethod setUp" time="0.0" classname="com.totalwine.test.actions.NewUserRegistrationCustomAC">
    <skipped/>
  </testcase> <!-- @BeforeMethod setUp -->
  <testcase name="@AfterMethod takeScreenShotOnFailure" time="0.0" classname="com.totalwine.test.actions.NewUserRegistrationCustomAC">
    <skipped/>
  </testcase> <!-- @AfterMethod takeScreenShotOnFailure -->
  <testcase name="@BeforeMethod openBrowser" time="0.0" classname="com.totalwine.test.actions.NewUserRegistrationCustomAC">
    <skipped/>
  </testcase> <!-- @BeforeMethod openBrowser -->
  <testcase name="@BeforeMethod setUp" time="0.0" classname="com.totalwine.test.actions.NewUserRegistrationCustomAC">
    <skipped/>
  </testcase> <!-- @BeforeMethod setUp -->
  <testcase name="@AfterMethod takeScreenShotOnFailure" time="0.0" classname="com.totalwine.test.actions.NewUserRegistrationCustomAC">
    <skipped/>
  </testcase> <!-- @AfterMethod takeScreenShotOnFailure -->
  <testcase name="@BeforeMethod openBrowser" time="0.0" classname="com.totalwine.test.actions.NewUserRegistrationCustomAC">
    <skipped/>
  </testcase> <!-- @BeforeMethod openBrowser -->
  <testcase name="@BeforeMethod setUp" time="0.0" classname="com.totalwine.test.actions.NewUserRegistrationCustomAC">
    <skipped/>
  </testcase> <!-- @BeforeMethod setUp -->
  <testcase name="@AfterMethod takeScreenShotOnFailure" time="0.0" classname="com.totalwine.test.actions.NewUserRegistrationCustomAC">
    <skipped/>
  </testcase> <!-- @AfterMethod takeScreenShotOnFailure -->
  <testcase name="@BeforeMethod openBrowser" time="0.0" classname="com.totalwine.test.actions.NewUserRegistrationCustomAC">
    <skipped/>
  </testcase> <!-- @BeforeMethod openBrowser -->
  <testcase name="@BeforeMethod setUp" time="0.0" classname="com.totalwine.test.actions.NewUserRegistrationCustomAC">
    <skipped/>
  </testcase> <!-- @BeforeMethod setUp -->
  <testcase name="@AfterMethod takeScreenShotOnFailure" time="0.0" classname="com.totalwine.test.actions.NewUserRegistrationCustomAC">
    <skipped/>
  </testcase> <!-- @AfterMethod takeScreenShotOnFailure -->
  <testcase name="@BeforeMethod openBrowser" time="0.0" classname="com.totalwine.test.actions.NewUserRegistrationCustomAC">
    <skipped/>
  </testcase> <!-- @BeforeMethod openBrowser -->
  <testcase name="@BeforeMethod setUp" time="0.0" classname="com.totalwine.test.actions.NewUserRegistrationCustomAC">
    <skipped/>
  </testcase> <!-- @BeforeMethod setUp -->
  <testcase name="@AfterMethod takeScreenShotOnFailure" time="0.0" classname="com.totalwine.test.actions.NewUserRegistrationCustomAC">
    <skipped/>
  </testcase> <!-- @AfterMethod takeScreenShotOnFailure -->
  <testcase name="@BeforeMethod openBrowser" time="0.0" classname="com.totalwine.test.actions.NewUserRegistrationCustomAC">
    <skipped/>
  </testcase> <!-- @BeforeMethod openBrowser -->
  <testcase name="@BeforeMethod setUp" time="0.0" classname="com.totalwine.test.actions.NewUserRegistrationCustomAC">
    <skipped/>
  </testcase> <!-- @BeforeMethod setUp -->
  <testcase name="@AfterMethod takeScreenShotOnFailure" time="0.0" classname="com.totalwine.test.actions.NewUserRegistrationCustomAC">
    <skipped/>
  </testcase> <!-- @AfterMethod takeScreenShotOnFailure -->
  <testcase name="@BeforeMethod openBrowser" time="0.0" classname="com.totalwine.test.actions.NewUserRegistrationCustomAC">
    <skipped/>
  </testcase> <!-- @BeforeMethod openBrowser -->
  <testcase name="@BeforeMethod setUp" time="0.0" classname="com.totalwine.test.actions.NewUserRegistrationCustomAC">
    <skipped/>
  </testcase> <!-- @BeforeMethod setUp -->
  <testcase name="@AfterMethod takeScreenShotOnFailure" time="0.0" classname="com.totalwine.test.actions.NewUserRegistrationCustomAC">
    <skipped/>
  </testcase> <!-- @AfterMethod takeScreenShotOnFailure -->
  <testcase name="@BeforeMethod openBrowser" time="0.0" classname="com.totalwine.test.actions.NewUserRegistrationCustomAC">
    <skipped/>
  </testcase> <!-- @BeforeMethod openBrowser -->
  <testcase name="@BeforeMethod setUp" time="0.0" classname="com.totalwine.test.actions.NewUserRegistrationCustomAC">
    <skipped/>
  </testcase> <!-- @BeforeMethod setUp -->
  <testcase name="@AfterMethod takeScreenShotOnFailure" time="0.0" classname="com.totalwine.test.actions.NewUserRegistrationCustomAC">
    <skipped/>
  </testcase> <!-- @AfterMethod takeScreenShotOnFailure -->
  <testcase name="@BeforeMethod openBrowser" time="0.0" classname="com.totalwine.test.actions.NewUserRegistrationCustomAC">
    <skipped/>
  </testcase> <!-- @BeforeMethod openBrowser -->
  <testcase name="@BeforeMethod setUp" time="0.0" classname="com.totalwine.test.actions.NewUserRegistrationCustomAC">
    <skipped/>
  </testcase> <!-- @BeforeMethod setUp -->
  <testcase name="@AfterMethod takeScreenShotOnFailure" time="0.0" classname="com.totalwine.test.actions.NewUserRegistrationCustomAC">
    <skipped/>
  </testcase> <!-- @AfterMethod takeScreenShotOnFailure -->
  <testcase name="@BeforeMethod openBrowser" time="0.0" classname="com.totalwine.test.actions.NewUserRegistrationCustomAC">
    <skipped/>
  </testcase> <!-- @BeforeMethod openBrowser -->
  <testcase name="@BeforeMethod setUp" time="0.0" classname="com.totalwine.test.actions.NewUserRegistrationCustomAC">
    <skipped/>
  </testcase> <!-- @BeforeMethod setUp -->
  <testcase name="@AfterMethod takeScreenShotOnFailure" time="0.0" classname="com.totalwine.test.actions.NewUserRegistrationCustomAC">
    <skipped/>
  </testcase> <!-- @AfterMethod takeScreenShotOnFailure -->
  <testcase name="@BeforeMethod openBrowser" time="0.0" classname="com.totalwine.test.actions.NewUserRegistrationCustomAC">
    <skipped/>
  </testcase> <!-- @BeforeMethod openBrowser -->
  <testcase name="@BeforeMethod setUp" time="0.0" classname="com.totalwine.test.actions.NewUserRegistrationCustomAC">
    <skipped/>
  </testcase> <!-- @BeforeMethod setUp -->
  <testcase name="@AfterMethod takeScreenShotOnFailure" time="0.0" classname="com.totalwine.test.actions.NewUserRegistrationCustomAC">
    <skipped/>
  </testcase> <!-- @AfterMethod takeScreenShotOnFailure -->
  <testcase name="@BeforeMethod openBrowser" time="0.0" classname="com.totalwine.test.actions.NewUserRegistrationCustomAC">
    <skipped/>
  </testcase> <!-- @BeforeMethod openBrowser -->
  <testcase name="@BeforeMethod setUp" time="0.0" classname="com.totalwine.test.actions.NewUserRegistrationCustomAC">
    <skipped/>
  </testcase> <!-- @BeforeMethod setUp -->
  <testcase name="@AfterMethod takeScreenShotOnFailure" time="0.0" classname="com.totalwine.test.actions.NewUserRegistrationCustomAC">
    <skipped/>
  </testcase> <!-- @AfterMethod takeScreenShotOnFailure -->
  <testcase name="@BeforeMethod openBrowser" time="0.0" classname="com.totalwine.test.actions.NewUserRegistrationCustomAC">
    <skipped/>
  </testcase> <!-- @BeforeMethod openBrowser -->
  <testcase name="@BeforeMethod setUp" time="0.0" classname="com.totalwine.test.actions.NewUserRegistrationCustomAC">
    <skipped/>
  </testcase> <!-- @BeforeMethod setUp -->
  <testcase name="@AfterMethod takeScreenShotOnFailure" time="0.0" classname="com.totalwine.test.actions.NewUserRegistrationCustomAC">
    <skipped/>
  </testcase> <!-- @AfterMethod takeScreenShotOnFailure -->
  <testcase name="@BeforeMethod openBrowser" time="0.0" classname="com.totalwine.test.actions.NewUserRegistrationCustomAC">
    <skipped/>
  </testcase> <!-- @BeforeMethod openBrowser -->
  <testcase name="@BeforeMethod setUp" time="0.0" classname="com.totalwine.test.actions.NewUserRegistrationCustomAC">
    <skipped/>
  </testcase> <!-- @BeforeMethod setUp -->
  <testcase name="@AfterMethod takeScreenShotOnFailure" time="0.0" classname="com.totalwine.test.actions.NewUserRegistrationCustomAC">
    <skipped/>
  </testcase> <!-- @AfterMethod takeScreenShotOnFailure -->
  <testcase name="@BeforeMethod openBrowser" time="0.0" classname="com.totalwine.test.actions.NewUserRegistrationCustomAC">
    <skipped/>
  </testcase> <!-- @BeforeMethod openBrowser -->
  <testcase name="@BeforeMethod setUp" time="0.0" classname="com.totalwine.test.actions.NewUserRegistrationCustomAC">
    <skipped/>
  </testcase> <!-- @BeforeMethod setUp -->
  <testcase name="@AfterMethod takeScreenShotOnFailure" time="0.0" classname="com.totalwine.test.actions.NewUserRegistrationCustomAC">
    <skipped/>
  </testcase> <!-- @AfterMethod takeScreenShotOnFailure -->
  <testcase name="@AfterClass quit" time="0.0" classname="com.totalwine.test.actions.NewUserRegistrationCustomAC">
    <skipped/>
  </testcase> <!-- @AfterClass quit -->
  <testcase name="NewUserRegistrationCustomAcTest" time="20.041" classname="com.totalwine.test.actions.NewUserRegistrationCustomAC">
    <failure type="org.openqa.selenium.NoSuchElementException" message="no such element: Unable to locate element: {&amp;quot;method&amp;quot;:&amp;quot;css selector&amp;quot;,&amp;quot;selector&amp;quot;:&amp;quot;a[data-modal-id=loggedin-not-wrapper]&amp;quot;}
  (Session info: chrome=51.0.2704.103)
  (Driver info: chromedriver=2.22.397933 (1cab651507b88dec79b2b2a22d1943c01833cc1b),platform=Windows NT 6.1.7601 SP1 x86_64) (WARNING: The server did not provide any stacktrace information)
Command duration or timeout: 50 milliseconds
For documentation on this error, please visit: http://seleniumhq.org/exceptions/no_such_element.html
Build info: version: &amp;apos;2.49.0&amp;apos;, revision: &amp;apos;365eeb4&amp;apos;, time: &amp;apos;2016-01-13 18:33:29&amp;apos;
System info: host: &amp;apos;PRT-4QRSD12&amp;apos;, ip: &amp;apos;172.18.18.34&amp;apos;, os.name: &amp;apos;Windows 7&amp;apos;, os.arch: &amp;apos;amd64&amp;apos;, os.version: &amp;apos;6.1&amp;apos;, java.version: &amp;apos;1.8.0_71&amp;apos;
Driver info: org.openqa.selenium.chrome.ChromeDriver
Capabilities [{applicationCacheEnabled=false, rotatable=false, mobileEmulationEnabled=false, chrome={chromedriverVersion=2.22.397933 (1cab651507b88dec79b2b2a22d1943c01833cc1b), userDataDir=C:\Users\mhossain\AppData\Local\Temp\scoped_dir7896_25300}, takesHeapSnapshot=true, databaseEnabled=false, handlesAlerts=true, hasTouchScreen=false, version=51.0.2704.103, platform=XP, browserConnectionEnabled=false, nativeEvents=true, acceptSslCerts=true, locationContextEnabled=true, webStorageEnabled=true, browserName=chrome, takesScreenshot=true, javascriptEnabled=true, cssSelectorsEnabled=true}]
Session ID: cce6f15b1174ad3c02f81b731ad4be96
*** Element info: {Using=css selector, value=a[data-modal-id=loggedin-not-wrapper]}">
      <![CDATA[org.openqa.selenium.NoSuchElementException: no such element: Unable to locate element: {"method":"css selector","selector":"a[data-modal-id=loggedin-not-wrapper]"}
  (Session info: chrome=51.0.2704.103)
  (Driver info: chromedriver=2.22.397933 (1cab651507b88dec79b2b2a22d1943c01833cc1b),platform=Windows NT 6.1.7601 SP1 x86_64) (WARNING: The server did not provide any stacktrace information)
Command duration or timeout: 50 milliseconds
For documentation on this error, please visit: http://seleniumhq.org/exceptions/no_such_element.html
Build info: version: '2.49.0', revision: '365eeb4', time: '2016-01-13 18:33:29'
System info: host: 'PRT-4QRSD12', ip: '172.18.18.34', os.name: 'Windows 7', os.arch: 'amd64', os.version: '6.1', java.version: '1.8.0_71'
Driver info: org.openqa.selenium.chrome.ChromeDriver
Capabilities [{applicationCacheEnabled=false, rotatable=false, mobileEmulationEnabled=false, chrome={chromedriverVersion=2.22.397933 (1cab651507b88dec79b2b2a22d1943c01833cc1b), userDataDir=C:\Users\mhossain\AppData\Local\Temp\scoped_dir7896_25300}, takesHeapSnapshot=true, databaseEnabled=false, handlesAlerts=true, hasTouchScreen=false, version=51.0.2704.103, platform=XP, browserConnectionEnabled=false, nativeEvents=true, acceptSslCerts=true, locationContextEnabled=true, webStorageEnabled=true, browserName=chrome, takesScreenshot=true, javascriptEnabled=true, cssSelectorsEnabled=true}]
Session ID: cce6f15b1174ad3c02f81b731ad4be96
*** Element info: {Using=css selector, value=a[data-modal-id=loggedin-not-wrapper]}
	at sun.reflect.NativeConstructorAccessorImpl.newInstance0(Native Method)
	at sun.reflect.NativeConstructorAccessorImpl.newInstance(Unknown Source)
	at sun.reflect.DelegatingConstructorAccessorImpl.newInstance(Unknown Source)
	at java.lang.reflect.Constructor.newInstance(Unknown Source)
	at org.openqa.selenium.remote.ErrorHandler.createThrowable(ErrorHandler.java:206)
	at org.openqa.selenium.remote.ErrorHandler.throwIfResponseFailed(ErrorHandler.java:158)
	at org.openqa.selenium.remote.RemoteWebDriver.execute(RemoteWebDriver.java:678)
	at org.openqa.selenium.remote.RemoteWebDriver.findElement(RemoteWebDriver.java:363)
	at org.openqa.selenium.remote.RemoteWebDriver.findElementByCssSelector(RemoteWebDriver.java:492)
	at org.openqa.selenium.By$ByCssSelector.findElement(By.java:430)
	at org.openqa.selenium.remote.RemoteWebDriver.findElement(RemoteWebDriver.java:355)
	at com.totalwine.test.actions.NewUserRegistrationCustomAC.NewUserRegistrationCustomAcTest(NewUserRegistrationCustomAC.java:81)
	at sun.reflect.NativeMethodAccessorImpl.invoke0(Native Method)
	at sun.reflect.NativeMethodAccessorImpl.invoke(Unknown Source)
	at sun.reflect.DelegatingMethodAccessorImpl.invoke(Unknown Source)
	at java.lang.reflect.Method.invoke(Unknown Source)
	at org.testng.internal.MethodInvocationHelper.invokeMethod(MethodInvocationHelper.java:86)
	at org.testng.internal.Invoker.invokeMethod(Invoker.java:645)
	at org.testng.internal.Invoker.invokeTestMethod(Invoker.java:822)
	at org.testng.internal.Invoker.invokeTestMethods(Invoker.java:1130)
	at org.testng.internal.TestMethodWorker.invokeTestMethods(TestMethodWorker.java:129)
	at org.testng.internal.TestMethodWorker.run(TestMethodWorker.java:112)
	at org.testng.TestRunner.privateRun(TestRunner.java:782)
	at org.testng.TestRunner.run(TestRunner.java:632)
	at org.testng.SuiteRunner.runTest(SuiteRunner.java:366)
	at org.testng.SuiteRunner.runSequentially(SuiteRunner.java:361)
	at org.testng.SuiteRunner.privateRun(SuiteRunner.java:319)
	at org.testng.SuiteRunner.run(SuiteRunner.java:268)
	at org.testng.SuiteRunnerWorker.runSuite(SuiteRunnerWorker.java:52)
	at org.testng.SuiteRunnerWorker.run(SuiteRunnerWorker.java:86)
	at org.testng.TestNG.runSuitesSequentially(TestNG.java:1244)
	at org.testng.TestNG.runSuitesLocally(TestNG.java:1169)
	at org.testng.TestNG.run(TestNG.java:1064)
	at org.testng.remote.RemoteTestNG.run(RemoteTestNG.java:113)
	at org.testng.remote.RemoteTestNG.initAndRun(RemoteTestNG.java:206)
	at org.testng.remote.RemoteTestNG.main(RemoteTestNG.java:177)
]]>
    </failure>
  </testcase> <!-- NewUserRegistrationCustomAcTest -->
  <testcase name="NewUserRegistrationCustomAcTest" time="0.002" classname="com.totalwine.test.actions.NewUserRegistrationCustomAC">
    <skipped/>
  </testcase> <!-- NewUserRegistrationCustomAcTest -->
  <testcase name="NewUserRegistrationCustomAcTest" time="0.001" classname="com.totalwine.test.actions.NewUserRegistrationCustomAC">
    <skipped/>
  </testcase> <!-- NewUserRegistrationCustomAcTest -->
  <testcase name="NewUserRegistrationCustomAcTest" time="0.0" classname="com.totalwine.test.actions.NewUserRegistrationCustomAC">
    <skipped/>
  </testcase> <!-- NewUserRegistrationCustomAcTest -->
  <testcase name="NewUserRegistrationCustomAcTest" time="0.0" classname="com.totalwine.test.actions.NewUserRegistrationCustomAC">
    <skipped/>
  </testcase> <!-- NewUserRegistrationCustomAcTest -->
  <testcase name="NewUserRegistrationCustomAcTest" time="0.001" classname="com.totalwine.test.actions.NewUserRegistrationCustomAC">
    <skipped/>
  </testcase> <!-- NewUserRegistrationCustomAcTest -->
  <testcase name="NewUserRegistrationCustomAcTest" time="0.001" classname="com.totalwine.test.actions.NewUserRegistrationCustomAC">
    <skipped/>
  </testcase> <!-- NewUserRegistrationCustomAcTest -->
  <testcase name="NewUserRegistrationCustomAcTest" time="0.0" classname="com.totalwine.test.actions.NewUserRegistrationCustomAC">
    <skipped/>
  </testcase> <!-- NewUserRegistrationCustomAcTest -->
  <testcase name="NewUserRegistrationCustomAcTest" time="0.0" classname="com.totalwine.test.actions.NewUserRegistrationCustomAC">
    <skipped/>
  </testcase> <!-- NewUserRegistrationCustomAcTest -->
  <testcase name="NewUserRegistrationCustomAcTest" time="0.0" classname="com.totalwine.test.actions.NewUserRegistrationCustomAC">
    <skipped/>
  </testcase> <!-- NewUserRegistrationCustomAcTest -->
  <testcase name="NewUserRegistrationCustomAcTest" time="0.0" classname="com.totalwine.test.actions.NewUserRegistrationCustomAC">
    <skipped/>
  </testcase> <!-- NewUserRegistrationCustomAcTest -->
  <testcase name="NewUserRegistrationCustomAcTest" time="0.0" classname="com.totalwine.test.actions.NewUserRegistrationCustomAC">
    <skipped/>
  </testcase> <!-- NewUserRegistrationCustomAcTest -->
  <testcase name="NewUserRegistrationCustomAcTest" time="0.0" classname="com.totalwine.test.actions.NewUserRegistrationCustomAC">
    <skipped/>
  </testcase> <!-- NewUserRegistrationCustomAcTest -->
  <testcase name="NewUserRegistrationCustomAcTest" time="0.0" classname="com.totalwine.test.actions.NewUserRegistrationCustomAC">
    <skipped/>
  </testcase> <!-- NewUserRegistrationCustomAcTest -->
  <testcase name="NewUserRegistrationCustomAcTest" time="0.0" classname="com.totalwine.test.actions.NewUserRegistrationCustomAC">
    <skipped/>
  </testcase> <!-- NewUserRegistrationCustomAcTest -->
  <testcase name="NewUserRegistrationCustomAcTest" time="0.0" classname="com.totalwine.test.actions.NewUserRegistrationCustomAC">
    <skipped/>
  </testcase> <!-- NewUserRegistrationCustomAcTest -->
</testsuite> <!-- Chrome test -->
