<html>
<head>
<title>TestNG:  Chrome test</title>
<link href="../testng.css" rel="stylesheet" type="text/css" />
<link href="../my-testng.css" rel="stylesheet" type="text/css" />

<style type="text/css">
.log { display: none;} 
.stack-trace { display: none;} 
</style>
<script type="text/javascript">
<!--
function flip(e) {
  current = e.style.display;
  if (current == 'block') {
    e.style.display = 'none';
    return 0;
  }
  else {
    e.style.display = 'block';
    return 1;
  }
}

function toggleBox(szDivId, elem, msg1, msg2)
{
  var res = -1;  if (document.getElementById) {
    res = flip(document.getElementById(szDivId));
  }
  else if (document.all) {
    // this is the way old msie versions work
    res = flip(document.all[szDivId]);
  }
  if(elem) {
    if(res == 0) elem.innerHTML = msg1; else elem.innerHTML = msg2;
  }

}

function toggleAllBoxes() {
  if (document.getElementsByTagName) {
    d = document.getElementsByTagName('div');
    for (i = 0; i < d.length; i++) {
      if (d[i].className == 'log') {
        flip(d[i]);
      }
    }
  }
}

// -->
</script>

</head>
<body>
<h2 align='center'>Chrome test</h2><table border='1' align="center">
<tr>
<td>Tests passed/Failed/Skipped:</td><td>0/1/15</td>
</tr><tr>
<td>Started on:</td><td>Tue Jul 12 20:19:33 EDT 2016</td>
</tr>
<tr><td>Total time:</td><td>32 seconds (32578 ms)</td>
</tr><tr>
<td>Included groups:</td><td></td>
</tr><tr>
<td>Excluded groups:</td><td></td>
</tr>
</table><p/>
<small><i>(Hover the method name to see the test class name)</i></small><p/>
<table width='100%' border='1' class='invocation-failed'>
<tr><td colspan='4' align='center'><b>FAILED CONFIGURATIONS</b></td></tr>
<tr><td><b>Test method</b></td>
<td width="30%"><b>Exception</b></td>
<td width="10%"><b>Time (seconds)</b></td>
<td><b>Instance</b></td>
</tr>
<tr>
<td title='com.totalwine.test.actions.NewUserRegistrationCustomAC.takeScreenShotOnFailure()'><b>takeScreenShotOnFailure</b><br>Test class: com.totalwine.test.actions.NewUserRegistrationCustomAC<br>Parameters: [TestResult name=NewUserRegistrationCustomAcTest status=FAILURE method=NewUserRegistrationCustomAC.NewUserRegistrationCustomAcTest(java.lang.String, java.lang.String, java.lang.String, java.lang.String, java.lang.String, java.lang.String, java.lang.String, java.lang.String, java.lang.String, java.lang.String, java.lang.String, java.lang.String, java.lang.String, java.lang.String, java.lang.String, java.lang.String, java.lang.String, java.lang.String, java.lang.String, java.lang.String)[pri:0, instance:com.totalwine.test.actions.NewUserRegistrationCustomAC@33723e30] output={null}]</td>
<td><div><pre>java.io.FileNotFoundException: C:\Users\rsud\.jenkins\userContent\FailureScreenshots\Production\FAIL_NewUserRegistrationCustomAcTest_2016-07-12 20 20 05.png (Access is denied)
	at java.io.FileOutputStream.open0(Native Method)
	at java.io.FileOutputStream.open(Unknown Source)
	at java.io.FileOutputStream.&lt;init&gt;(Unknown Source)
	at java.io.FileOutputStream.&lt;init&gt;(Unknown Source)
	at org.apache.commons.io.FileUtils.doCopyFile(FileUtils.java:1139)
	at org.apache.commons.io.FileUtils.copyFile(FileUtils.java:1091)
	at org.apache.commons.io.FileUtils.copyFile(FileUtils.java:1038)
	at com.totalwine.test.trials.Browser.takeScreenShotOnFailure(Browser.java:211)
	at sun.reflect.NativeMethodAccessorImpl.invoke0(Native Method)
	at sun.reflect.NativeMethodAccessorImpl.invoke(Unknown Source)
	at sun.reflect.DelegatingMethodAccessorImpl.invoke(Unknown Source)
	at java.lang.reflect.Method.invoke(Unknown Source)
	at org.testng.internal.MethodInvocationHelper.invokeMethod(MethodInvocationHelper.java:86)
	at org.testng.internal.Invoker.invokeConfigurationMethod(Invoker.java:514)
	at org.testng.internal.Invoker.invokeConfigurations(Invoker.java:215)
	at org.testng.internal.Invoker.invokeMethod(Invoker.java:709)
	at org.testng.internal.Invoker.invokeTestMethod(Invoker.java:822)
	at org.testng.internal.Invoker.invokeTestMethods(Invoker.java:1130)
	at org.testng.internal.TestMethodWorker.invokeTestMethods(TestMethodWorker.java:129)
	at org.testng.internal.TestMethodWorker.run(TestMethodWorker.java:112)
	at org.testng.TestRunner.privateRun(TestRunner.java:782)
	at org.testng.TestRunner.run(TestRunner.java:632)
	at org.testng.SuiteRunner.runTest(SuiteRunner.java:366)
	at org.testng.SuiteRunner.runSequentially(SuiteRunner.java:361)
	at org.testng.SuiteRunner.privateRun(SuiteRunner.java:319)
	at org.testng.SuiteRunner.run(SuiteRunner.java:268)
	at org.testng.SuiteRunnerWorker.runSuite(SuiteRunnerWorker.java:52)
	at org.testng.SuiteRunnerWorker.run(SuiteRunnerWorker.java:86)
	at org.testng.TestNG.runSuitesSequentially(TestNG.java:1244)
	at org.testng.TestNG.runSuitesLocally(TestNG.java:1169)
	at org.testng.TestNG.run(TestNG.java:1064)
	at org.testng.remote.RemoteTestNG.run(RemoteTestNG.java:113)
	at org.testng.remote.RemoteTestNG.initAndRun(RemoteTestNG.java:206)
	at org.testng.remote.RemoteTestNG.main(RemoteTestNG.java:177)
</pre></div><a href='#' onClick='toggleBox("stack-trace331122245", this, "Click to show all stack frames", "Click to hide stack frames")'>Click to show all stack frames</a>
<div class='stack-trace' id='stack-trace331122245'><pre>java.io.FileNotFoundException: C:\Users\rsud\.jenkins\userContent\FailureScreenshots\Production\FAIL_NewUserRegistrationCustomAcTest_2016-07-12 20 20 05.png (Access is denied)
	at java.io.FileOutputStream.open0(Native Method)
	at java.io.FileOutputStream.open(Unknown Source)
	at java.io.FileOutputStream.&lt;init&gt;(Unknown Source)
	at java.io.FileOutputStream.&lt;init&gt;(Unknown Source)
	at org.apache.commons.io.FileUtils.doCopyFile(FileUtils.java:1139)
	at org.apache.commons.io.FileUtils.copyFile(FileUtils.java:1091)
	at org.apache.commons.io.FileUtils.copyFile(FileUtils.java:1038)
	at com.totalwine.test.trials.Browser.takeScreenShotOnFailure(Browser.java:211)
	at sun.reflect.NativeMethodAccessorImpl.invoke0(Native Method)
	at sun.reflect.NativeMethodAccessorImpl.invoke(Unknown Source)
	at sun.reflect.DelegatingMethodAccessorImpl.invoke(Unknown Source)
	at java.lang.reflect.Method.invoke(Unknown Source)
	at org.testng.internal.MethodInvocationHelper.invokeMethod(MethodInvocationHelper.java:86)
	at org.testng.internal.Invoker.invokeConfigurationMethod(Invoker.java:514)
	at org.testng.internal.Invoker.invokeConfigurations(Invoker.java:215)
	at org.testng.internal.Invoker.invokeMethod(Invoker.java:709)
	at org.testng.internal.Invoker.invokeTestMethod(Invoker.java:822)
	at org.testng.internal.Invoker.invokeTestMethods(Invoker.java:1130)
	at org.testng.internal.TestMethodWorker.invokeTestMethods(TestMethodWorker.java:129)
	at org.testng.internal.TestMethodWorker.run(TestMethodWorker.java:112)
	at org.testng.TestRunner.privateRun(TestRunner.java:782)
	at org.testng.TestRunner.run(TestRunner.java:632)
	at org.testng.SuiteRunner.runTest(SuiteRunner.java:366)
	at org.testng.SuiteRunner.runSequentially(SuiteRunner.java:361)
	at org.testng.SuiteRunner.privateRun(SuiteRunner.java:319)
	at org.testng.SuiteRunner.run(SuiteRunner.java:268)
	at org.testng.SuiteRunnerWorker.runSuite(SuiteRunnerWorker.java:52)
	at org.testng.SuiteRunnerWorker.run(SuiteRunnerWorker.java:86)
	at org.testng.TestNG.runSuitesSequentially(TestNG.java:1244)
	at org.testng.TestNG.runSuitesLocally(TestNG.java:1169)
	at org.testng.TestNG.run(TestNG.java:1064)
	at org.testng.remote.RemoteTestNG.run(RemoteTestNG.java:113)
	at org.testng.remote.RemoteTestNG.initAndRun(RemoteTestNG.java:206)
	at org.testng.remote.RemoteTestNG.main(RemoteTestNG.java:177)
</pre></div></td>
<td>0</td>
<td>com.totalwine.test.actions.NewUserRegistrationCustomAC@33723e30</td></tr>
</table><p>
<table width='100%' border='1' class='invocation-skipped'>
<tr><td colspan='4' align='center'><b>SKIPPED CONFIGURATIONS</b></td></tr>
<tr><td><b>Test method</b></td>
<td width="30%"><b>Exception</b></td>
<td width="10%"><b>Time (seconds)</b></td>
<td><b>Instance</b></td>
</tr>
<tr>
<td title='com.totalwine.test.actions.NewUserRegistrationCustomAC.openBrowser()'><b>openBrowser</b><br>Test class: com.totalwine.test.actions.NewUserRegistrationCustomAC</td>
<td></td>
<td>0</td>
<td>com.totalwine.test.actions.NewUserRegistrationCustomAC@33723e30</td></tr>
<tr>
<td title='com.totalwine.test.actions.NewUserRegistrationCustomAC.setUp()'><b>setUp</b><br>Test class: com.totalwine.test.actions.NewUserRegistrationCustomAC</td>
<td></td>
<td>0</td>
<td>com.totalwine.test.actions.NewUserRegistrationCustomAC@33723e30</td></tr>
<tr>
<td title='com.totalwine.test.actions.NewUserRegistrationCustomAC.openBrowser()'><b>openBrowser</b><br>Test class: com.totalwine.test.actions.NewUserRegistrationCustomAC</td>
<td></td>
<td>0</td>
<td>com.totalwine.test.actions.NewUserRegistrationCustomAC@33723e30</td></tr>
<tr>
<td title='com.totalwine.test.actions.NewUserRegistrationCustomAC.setUp()'><b>setUp</b><br>Test class: com.totalwine.test.actions.NewUserRegistrationCustomAC</td>
<td></td>
<td>0</td>
<td>com.totalwine.test.actions.NewUserRegistrationCustomAC@33723e30</td></tr>
<tr>
<td title='com.totalwine.test.actions.NewUserRegistrationCustomAC.openBrowser()'><b>openBrowser</b><br>Test class: com.totalwine.test.actions.NewUserRegistrationCustomAC</td>
<td></td>
<td>0</td>
<td>com.totalwine.test.actions.NewUserRegistrationCustomAC@33723e30</td></tr>
<tr>
<td title='com.totalwine.test.actions.NewUserRegistrationCustomAC.setUp()'><b>setUp</b><br>Test class: com.totalwine.test.actions.NewUserRegistrationCustomAC</td>
<td></td>
<td>0</td>
<td>com.totalwine.test.actions.NewUserRegistrationCustomAC@33723e30</td></tr>
<tr>
<td title='com.totalwine.test.actions.NewUserRegistrationCustomAC.openBrowser()'><b>openBrowser</b><br>Test class: com.totalwine.test.actions.NewUserRegistrationCustomAC</td>
<td></td>
<td>0</td>
<td>com.totalwine.test.actions.NewUserRegistrationCustomAC@33723e30</td></tr>
<tr>
<td title='com.totalwine.test.actions.NewUserRegistrationCustomAC.setUp()'><b>setUp</b><br>Test class: com.totalwine.test.actions.NewUserRegistrationCustomAC</td>
<td></td>
<td>0</td>
<td>com.totalwine.test.actions.NewUserRegistrationCustomAC@33723e30</td></tr>
<tr>
<td title='com.totalwine.test.actions.NewUserRegistrationCustomAC.openBrowser()'><b>openBrowser</b><br>Test class: com.totalwine.test.actions.NewUserRegistrationCustomAC</td>
<td></td>
<td>0</td>
<td>com.totalwine.test.actions.NewUserRegistrationCustomAC@33723e30</td></tr>
<tr>
<td title='com.totalwine.test.actions.NewUserRegistrationCustomAC.setUp()'><b>setUp</b><br>Test class: com.totalwine.test.actions.NewUserRegistrationCustomAC</td>
<td></td>
<td>0</td>
<td>com.totalwine.test.actions.NewUserRegistrationCustomAC@33723e30</td></tr>
<tr>
<td title='com.totalwine.test.actions.NewUserRegistrationCustomAC.openBrowser()'><b>openBrowser</b><br>Test class: com.totalwine.test.actions.NewUserRegistrationCustomAC</td>
<td></td>
<td>0</td>
<td>com.totalwine.test.actions.NewUserRegistrationCustomAC@33723e30</td></tr>
<tr>
<td title='com.totalwine.test.actions.NewUserRegistrationCustomAC.setUp()'><b>setUp</b><br>Test class: com.totalwine.test.actions.NewUserRegistrationCustomAC</td>
<td></td>
<td>0</td>
<td>com.totalwine.test.actions.NewUserRegistrationCustomAC@33723e30</td></tr>
<tr>
<td title='com.totalwine.test.actions.NewUserRegistrationCustomAC.openBrowser()'><b>openBrowser</b><br>Test class: com.totalwine.test.actions.NewUserRegistrationCustomAC</td>
<td></td>
<td>0</td>
<td>com.totalwine.test.actions.NewUserRegistrationCustomAC@33723e30</td></tr>
<tr>
<td title='com.totalwine.test.actions.NewUserRegistrationCustomAC.setUp()'><b>setUp</b><br>Test class: com.totalwine.test.actions.NewUserRegistrationCustomAC</td>
<td></td>
<td>0</td>
<td>com.totalwine.test.actions.NewUserRegistrationCustomAC@33723e30</td></tr>
<tr>
<td title='com.totalwine.test.actions.NewUserRegistrationCustomAC.openBrowser()'><b>openBrowser</b><br>Test class: com.totalwine.test.actions.NewUserRegistrationCustomAC</td>
<td></td>
<td>0</td>
<td>com.totalwine.test.actions.NewUserRegistrationCustomAC@33723e30</td></tr>
<tr>
<td title='com.totalwine.test.actions.NewUserRegistrationCustomAC.setUp()'><b>setUp</b><br>Test class: com.totalwine.test.actions.NewUserRegistrationCustomAC</td>
<td></td>
<td>0</td>
<td>com.totalwine.test.actions.NewUserRegistrationCustomAC@33723e30</td></tr>
<tr>
<td title='com.totalwine.test.actions.NewUserRegistrationCustomAC.openBrowser()'><b>openBrowser</b><br>Test class: com.totalwine.test.actions.NewUserRegistrationCustomAC</td>
<td></td>
<td>0</td>
<td>com.totalwine.test.actions.NewUserRegistrationCustomAC@33723e30</td></tr>
<tr>
<td title='com.totalwine.test.actions.NewUserRegistrationCustomAC.setUp()'><b>setUp</b><br>Test class: com.totalwine.test.actions.NewUserRegistrationCustomAC</td>
<td></td>
<td>0</td>
<td>com.totalwine.test.actions.NewUserRegistrationCustomAC@33723e30</td></tr>
<tr>
<td title='com.totalwine.test.actions.NewUserRegistrationCustomAC.openBrowser()'><b>openBrowser</b><br>Test class: com.totalwine.test.actions.NewUserRegistrationCustomAC</td>
<td></td>
<td>0</td>
<td>com.totalwine.test.actions.NewUserRegistrationCustomAC@33723e30</td></tr>
<tr>
<td title='com.totalwine.test.actions.NewUserRegistrationCustomAC.setUp()'><b>setUp</b><br>Test class: com.totalwine.test.actions.NewUserRegistrationCustomAC</td>
<td></td>
<td>0</td>
<td>com.totalwine.test.actions.NewUserRegistrationCustomAC@33723e30</td></tr>
<tr>
<td title='com.totalwine.test.actions.NewUserRegistrationCustomAC.openBrowser()'><b>openBrowser</b><br>Test class: com.totalwine.test.actions.NewUserRegistrationCustomAC</td>
<td></td>
<td>0</td>
<td>com.totalwine.test.actions.NewUserRegistrationCustomAC@33723e30</td></tr>
<tr>
<td title='com.totalwine.test.actions.NewUserRegistrationCustomAC.setUp()'><b>setUp</b><br>Test class: com.totalwine.test.actions.NewUserRegistrationCustomAC</td>
<td></td>
<td>0</td>
<td>com.totalwine.test.actions.NewUserRegistrationCustomAC@33723e30</td></tr>
<tr>
<td title='com.totalwine.test.actions.NewUserRegistrationCustomAC.openBrowser()'><b>openBrowser</b><br>Test class: com.totalwine.test.actions.NewUserRegistrationCustomAC</td>
<td></td>
<td>0</td>
<td>com.totalwine.test.actions.NewUserRegistrationCustomAC@33723e30</td></tr>
<tr>
<td title='com.totalwine.test.actions.NewUserRegistrationCustomAC.setUp()'><b>setUp</b><br>Test class: com.totalwine.test.actions.NewUserRegistrationCustomAC</td>
<td></td>
<td>0</td>
<td>com.totalwine.test.actions.NewUserRegistrationCustomAC@33723e30</td></tr>
<tr>
<td title='com.totalwine.test.actions.NewUserRegistrationCustomAC.openBrowser()'><b>openBrowser</b><br>Test class: com.totalwine.test.actions.NewUserRegistrationCustomAC</td>
<td></td>
<td>0</td>
<td>com.totalwine.test.actions.NewUserRegistrationCustomAC@33723e30</td></tr>
<tr>
<td title='com.totalwine.test.actions.NewUserRegistrationCustomAC.setUp()'><b>setUp</b><br>Test class: com.totalwine.test.actions.NewUserRegistrationCustomAC</td>
<td></td>
<td>0</td>
<td>com.totalwine.test.actions.NewUserRegistrationCustomAC@33723e30</td></tr>
<tr>
<td title='com.totalwine.test.actions.NewUserRegistrationCustomAC.openBrowser()'><b>openBrowser</b><br>Test class: com.totalwine.test.actions.NewUserRegistrationCustomAC</td>
<td></td>
<td>0</td>
<td>com.totalwine.test.actions.NewUserRegistrationCustomAC@33723e30</td></tr>
<tr>
<td title='com.totalwine.test.actions.NewUserRegistrationCustomAC.setUp()'><b>setUp</b><br>Test class: com.totalwine.test.actions.NewUserRegistrationCustomAC</td>
<td></td>
<td>0</td>
<td>com.totalwine.test.actions.NewUserRegistrationCustomAC@33723e30</td></tr>
<tr>
<td title='com.totalwine.test.actions.NewUserRegistrationCustomAC.openBrowser()'><b>openBrowser</b><br>Test class: com.totalwine.test.actions.NewUserRegistrationCustomAC</td>
<td></td>
<td>0</td>
<td>com.totalwine.test.actions.NewUserRegistrationCustomAC@33723e30</td></tr>
<tr>
<td title='com.totalwine.test.actions.NewUserRegistrationCustomAC.setUp()'><b>setUp</b><br>Test class: com.totalwine.test.actions.NewUserRegistrationCustomAC</td>
<td></td>
<td>0</td>
<td>com.totalwine.test.actions.NewUserRegistrationCustomAC@33723e30</td></tr>
<tr>
<td title='com.totalwine.test.actions.NewUserRegistrationCustomAC.takeScreenShotOnFailure()'><b>takeScreenShotOnFailure</b><br>Test class: com.totalwine.test.actions.NewUserRegistrationCustomAC</td>
<td></td>
<td>0</td>
<td>com.totalwine.test.actions.NewUserRegistrationCustomAC@33723e30</td></tr>
<tr>
<td title='com.totalwine.test.actions.NewUserRegistrationCustomAC.takeScreenShotOnFailure()'><b>takeScreenShotOnFailure</b><br>Test class: com.totalwine.test.actions.NewUserRegistrationCustomAC</td>
<td></td>
<td>0</td>
<td>com.totalwine.test.actions.NewUserRegistrationCustomAC@33723e30</td></tr>
<tr>
<td title='com.totalwine.test.actions.NewUserRegistrationCustomAC.takeScreenShotOnFailure()'><b>takeScreenShotOnFailure</b><br>Test class: com.totalwine.test.actions.NewUserRegistrationCustomAC</td>
<td></td>
<td>0</td>
<td>com.totalwine.test.actions.NewUserRegistrationCustomAC@33723e30</td></tr>
<tr>
<td title='com.totalwine.test.actions.NewUserRegistrationCustomAC.takeScreenShotOnFailure()'><b>takeScreenShotOnFailure</b><br>Test class: com.totalwine.test.actions.NewUserRegistrationCustomAC</td>
<td></td>
<td>0</td>
<td>com.totalwine.test.actions.NewUserRegistrationCustomAC@33723e30</td></tr>
<tr>
<td title='com.totalwine.test.actions.NewUserRegistrationCustomAC.takeScreenShotOnFailure()'><b>takeScreenShotOnFailure</b><br>Test class: com.totalwine.test.actions.NewUserRegistrationCustomAC</td>
<td></td>
<td>0</td>
<td>com.totalwine.test.actions.NewUserRegistrationCustomAC@33723e30</td></tr>
<tr>
<td title='com.totalwine.test.actions.NewUserRegistrationCustomAC.takeScreenShotOnFailure()'><b>takeScreenShotOnFailure</b><br>Test class: com.totalwine.test.actions.NewUserRegistrationCustomAC</td>
<td></td>
<td>0</td>
<td>com.totalwine.test.actions.NewUserRegistrationCustomAC@33723e30</td></tr>
<tr>
<td title='com.totalwine.test.actions.NewUserRegistrationCustomAC.takeScreenShotOnFailure()'><b>takeScreenShotOnFailure</b><br>Test class: com.totalwine.test.actions.NewUserRegistrationCustomAC</td>
<td></td>
<td>0</td>
<td>com.totalwine.test.actions.NewUserRegistrationCustomAC@33723e30</td></tr>
<tr>
<td title='com.totalwine.test.actions.NewUserRegistrationCustomAC.takeScreenShotOnFailure()'><b>takeScreenShotOnFailure</b><br>Test class: com.totalwine.test.actions.NewUserRegistrationCustomAC</td>
<td></td>
<td>0</td>
<td>com.totalwine.test.actions.NewUserRegistrationCustomAC@33723e30</td></tr>
<tr>
<td title='com.totalwine.test.actions.NewUserRegistrationCustomAC.takeScreenShotOnFailure()'><b>takeScreenShotOnFailure</b><br>Test class: com.totalwine.test.actions.NewUserRegistrationCustomAC</td>
<td></td>
<td>0</td>
<td>com.totalwine.test.actions.NewUserRegistrationCustomAC@33723e30</td></tr>
<tr>
<td title='com.totalwine.test.actions.NewUserRegistrationCustomAC.takeScreenShotOnFailure()'><b>takeScreenShotOnFailure</b><br>Test class: com.totalwine.test.actions.NewUserRegistrationCustomAC</td>
<td></td>
<td>0</td>
<td>com.totalwine.test.actions.NewUserRegistrationCustomAC@33723e30</td></tr>
<tr>
<td title='com.totalwine.test.actions.NewUserRegistrationCustomAC.takeScreenShotOnFailure()'><b>takeScreenShotOnFailure</b><br>Test class: com.totalwine.test.actions.NewUserRegistrationCustomAC</td>
<td></td>
<td>0</td>
<td>com.totalwine.test.actions.NewUserRegistrationCustomAC@33723e30</td></tr>
<tr>
<td title='com.totalwine.test.actions.NewUserRegistrationCustomAC.takeScreenShotOnFailure()'><b>takeScreenShotOnFailure</b><br>Test class: com.totalwine.test.actions.NewUserRegistrationCustomAC</td>
<td></td>
<td>0</td>
<td>com.totalwine.test.actions.NewUserRegistrationCustomAC@33723e30</td></tr>
<tr>
<td title='com.totalwine.test.actions.NewUserRegistrationCustomAC.takeScreenShotOnFailure()'><b>takeScreenShotOnFailure</b><br>Test class: com.totalwine.test.actions.NewUserRegistrationCustomAC</td>
<td></td>
<td>0</td>
<td>com.totalwine.test.actions.NewUserRegistrationCustomAC@33723e30</td></tr>
<tr>
<td title='com.totalwine.test.actions.NewUserRegistrationCustomAC.takeScreenShotOnFailure()'><b>takeScreenShotOnFailure</b><br>Test class: com.totalwine.test.actions.NewUserRegistrationCustomAC</td>
<td></td>
<td>0</td>
<td>com.totalwine.test.actions.NewUserRegistrationCustomAC@33723e30</td></tr>
<tr>
<td title='com.totalwine.test.actions.NewUserRegistrationCustomAC.takeScreenShotOnFailure()'><b>takeScreenShotOnFailure</b><br>Test class: com.totalwine.test.actions.NewUserRegistrationCustomAC</td>
<td></td>
<td>0</td>
<td>com.totalwine.test.actions.NewUserRegistrationCustomAC@33723e30</td></tr>
<tr>
<td title='com.totalwine.test.actions.NewUserRegistrationCustomAC.quit()'><b>quit</b><br>Test class: com.totalwine.test.actions.NewUserRegistrationCustomAC</td>
<td></td>
<td>0</td>
<td>com.totalwine.test.actions.NewUserRegistrationCustomAC@33723e30</td></tr>
</table><p>
<table width='100%' border='1' class='invocation-failed'>
<tr><td colspan='4' align='center'><b>FAILED TESTS</b></td></tr>
<tr><td><b>Test method</b></td>
<td width="30%"><b>Exception</b></td>
<td width="10%"><b>Time (seconds)</b></td>
<td><b>Instance</b></td>
</tr>
<tr>
<td title='com.totalwine.test.actions.NewUserRegistrationCustomAC.NewUserRegistrationCustomAcTest()'><b>NewUserRegistrationCustomAcTest</b><br>Test class: com.totalwine.test.actions.NewUserRegistrationCustomAC<br>Parameters: 72.66.119.61, Mclean, /wine/red-wine/cabernet-sauvignon/iter-cabernet-sauvignon-napa-valley/p/142211750?s=1108&igrules=true, 1, GROUND_HOME_DELIVERY, Checkout, Test, Test, 9484 Main Street, Test, Fairfax, VA, 22031, mhossain@totalwine.com, grapes123, 7038440877, 4124939999999990, Jan, 2018, 123</td>
<td><div><pre>org.openqa.selenium.NoSuchElementException: no such element: Unable to locate element: {&quot;method&quot;:&quot;css selector&quot;,&quot;selector&quot;:&quot;a[data-modal-id=loggedin-not-wrapper]&quot;}
  (Session info: chrome=51.0.2704.103)
  (Driver info: chromedriver=2.22.397933 (1cab651507b88dec79b2b2a22d1943c01833cc1b),platform=Windows NT 6.1.7601 SP1 x86_64) (WARNING: The server did not provide any stacktrace information)
Command duration or timeout: 50 milliseconds
For documentation on this error, please visit: http://seleniumhq.org/exceptions/no_such_element.html
Build info: version: &apos;2.49.0&apos;, revision: &apos;365eeb4&apos;, time: &apos;2016-01-13 18:33:29&apos;
System info: host: &apos;PRT-4QRSD12&apos;, ip: &apos;172.18.18.34&apos;, os.name: &apos;Windows 7&apos;, os.arch: &apos;amd64&apos;, os.version: &apos;6.1&apos;, java.version: &apos;1.8.0_71&apos;
Driver info: org.openqa.selenium.chrome.ChromeDriver
Capabilities [{applicationCacheEnabled=false, rotatable=false, mobileEmulationEnabled=false, chrome={chromedriverVersion=2.22.397933 (1cab651507b88dec79b2b2a22d1943c01833cc1b), userDataDir=C:\Users\mhossain\AppData\Local\Temp\scoped_dir7896_25300}, takesHeapSnapshot=true, databaseEnabled=false, handlesAlerts=true, hasTouchScreen=false, version=51.0.2704.103, platform=XP, browserConnectionEnabled=false, nativeEvents=true, acceptSslCerts=true, locationContextEnabled=true, webStorageEnabled=true, browserName=chrome, takesScreenshot=true, javascriptEnabled=true, cssSelectorsEnabled=true}]
Session ID: cce6f15b1174ad3c02f81b731ad4be96
*** Element info: {Using=css selector, value=a[data-modal-id=loggedin-not-wrapper]}
	at sun.reflect.NativeConstructorAccessorImpl.newInstance0(Native Method)
	at sun.reflect.NativeConstructorAccessorImpl.newInstance(Unknown Source)
	at sun.reflect.DelegatingConstructorAccessorImpl.newInstance(Unknown Source)
	at java.lang.reflect.Constructor.newInstance(Unknown Source)
	at org.openqa.selenium.remote.ErrorHandler.createThrowable(ErrorHandler.java:206)
	at org.openqa.selenium.remote.ErrorHandler.throwIfResponseFailed(ErrorHandler.java:158)
	at org.openqa.selenium.remote.RemoteWebDriver.execute(RemoteWebDriver.java:678)
	at org.openqa.selenium.remote.RemoteWebDriver.findElement(RemoteWebDriver.java:363)
	at org.openqa.selenium.remote.RemoteWebDriver.findElementByCssSelector(RemoteWebDriver.java:492)
	at org.openqa.selenium.By$ByCssSelector.findElement(By.java:430)
	at org.openqa.selenium.remote.RemoteWebDriver.findElement(RemoteWebDriver.java:355)
	at com.totalwine.test.actions.NewUserRegistrationCustomAC.NewUserRegistrationCustomAcTest(NewUserRegistrationCustomAC.java:81)
	at sun.reflect.NativeMethodAccessorImpl.invoke0(Native Method)
	at sun.reflect.NativeMethodAccessorImpl.invoke(Unknown Source)
	at sun.reflect.DelegatingMethodAccessorImpl.invoke(Unknown Source)
	at java.lang.reflect.Method.invoke(Unknown Source)
	at org.testng.internal.MethodInvocationHelper.invokeMethod(MethodInvocationHelper.java:86)
	at org.testng.internal.Invoker.invokeMethod(Invoker.java:645)
	at org.testng.internal.Invoker.invokeTestMethod(Invoker.java:822)
	at org.testng.internal.Invoker.invokeTestMethods(Invoker.java:1130)
	at org.testng.internal.TestMethodWorker.invokeTestMethods(TestMethodWorker.java:129)
	at org.testng.internal.TestMethodWorker.run(TestMethodWorker.java:112)
	at org.testng.TestRunner.privateRun(TestRunner.java:782)
	at org.testng.TestRunner.run(TestRunner.java:632)
	at org.testng.SuiteRunner.runTest(SuiteRunner.java:366)
	at org.testng.SuiteRunner.runSequentially(SuiteRunner.java:361)
	at org.testng.SuiteRunner.privateRun(SuiteRunner.java:319)
	at org.testng.SuiteRunner.run(SuiteRunner.java:268)
	at org.testng.SuiteRunnerWorker.runSuite(SuiteRunnerWorker.java:52)
	at org.testng.SuiteRunnerWorker.run(SuiteRunnerWorker.java:86)
	at org.testng.TestNG.runSuitesSequentially(TestNG.java:1244)
	at org.testng.TestNG.runSuitesLocally(TestNG.java:1169)
	at org.testng.TestNG.run(TestNG.java:1064)
	at org.testng.remote.RemoteTestNG.run(RemoteTestNG.java:113)
	at org.testng.remote.RemoteTestNG.initAndRun(RemoteTestNG.java:206)
	at org.testng.remote.RemoteTestNG.main(RemoteTestNG.java:177)
</pre></div><a href='#' onClick='toggleBox("stack-trace2003147568", this, "Click to show all stack frames", "Click to hide stack frames")'>Click to show all stack frames</a>
<div class='stack-trace' id='stack-trace2003147568'><pre>org.openqa.selenium.NoSuchElementException: no such element: Unable to locate element: {&quot;method&quot;:&quot;css selector&quot;,&quot;selector&quot;:&quot;a[data-modal-id=loggedin-not-wrapper]&quot;}
  (Session info: chrome=51.0.2704.103)
  (Driver info: chromedriver=2.22.397933 (1cab651507b88dec79b2b2a22d1943c01833cc1b),platform=Windows NT 6.1.7601 SP1 x86_64) (WARNING: The server did not provide any stacktrace information)
Command duration or timeout: 50 milliseconds
For documentation on this error, please visit: http://seleniumhq.org/exceptions/no_such_element.html
Build info: version: &apos;2.49.0&apos;, revision: &apos;365eeb4&apos;, time: &apos;2016-01-13 18:33:29&apos;
System info: host: &apos;PRT-4QRSD12&apos;, ip: &apos;172.18.18.34&apos;, os.name: &apos;Windows 7&apos;, os.arch: &apos;amd64&apos;, os.version: &apos;6.1&apos;, java.version: &apos;1.8.0_71&apos;
Driver info: org.openqa.selenium.chrome.ChromeDriver
Capabilities [{applicationCacheEnabled=false, rotatable=false, mobileEmulationEnabled=false, chrome={chromedriverVersion=2.22.397933 (1cab651507b88dec79b2b2a22d1943c01833cc1b), userDataDir=C:\Users\mhossain\AppData\Local\Temp\scoped_dir7896_25300}, takesHeapSnapshot=true, databaseEnabled=false, handlesAlerts=true, hasTouchScreen=false, version=51.0.2704.103, platform=XP, browserConnectionEnabled=false, nativeEvents=true, acceptSslCerts=true, locationContextEnabled=true, webStorageEnabled=true, browserName=chrome, takesScreenshot=true, javascriptEnabled=true, cssSelectorsEnabled=true}]
Session ID: cce6f15b1174ad3c02f81b731ad4be96
*** Element info: {Using=css selector, value=a[data-modal-id=loggedin-not-wrapper]}
	at sun.reflect.NativeConstructorAccessorImpl.newInstance0(Native Method)
	at sun.reflect.NativeConstructorAccessorImpl.newInstance(Unknown Source)
	at sun.reflect.DelegatingConstructorAccessorImpl.newInstance(Unknown Source)
	at java.lang.reflect.Constructor.newInstance(Unknown Source)
	at org.openqa.selenium.remote.ErrorHandler.createThrowable(ErrorHandler.java:206)
	at org.openqa.selenium.remote.ErrorHandler.throwIfResponseFailed(ErrorHandler.java:158)
	at org.openqa.selenium.remote.RemoteWebDriver.execute(RemoteWebDriver.java:678)
	at org.openqa.selenium.remote.RemoteWebDriver.findElement(RemoteWebDriver.java:363)
	at org.openqa.selenium.remote.RemoteWebDriver.findElementByCssSelector(RemoteWebDriver.java:492)
	at org.openqa.selenium.By$ByCssSelector.findElement(By.java:430)
	at org.openqa.selenium.remote.RemoteWebDriver.findElement(RemoteWebDriver.java:355)
	at com.totalwine.test.actions.NewUserRegistrationCustomAC.NewUserRegistrationCustomAcTest(NewUserRegistrationCustomAC.java:81)
	at sun.reflect.NativeMethodAccessorImpl.invoke0(Native Method)
	at sun.reflect.NativeMethodAccessorImpl.invoke(Unknown Source)
	at sun.reflect.DelegatingMethodAccessorImpl.invoke(Unknown Source)
	at java.lang.reflect.Method.invoke(Unknown Source)
	at org.testng.internal.MethodInvocationHelper.invokeMethod(MethodInvocationHelper.java:86)
	at org.testng.internal.Invoker.invokeMethod(Invoker.java:645)
	at org.testng.internal.Invoker.invokeTestMethod(Invoker.java:822)
	at org.testng.internal.Invoker.invokeTestMethods(Invoker.java:1130)
	at org.testng.internal.TestMethodWorker.invokeTestMethods(TestMethodWorker.java:129)
	at org.testng.internal.TestMethodWorker.run(TestMethodWorker.java:112)
	at org.testng.TestRunner.privateRun(TestRunner.java:782)
	at org.testng.TestRunner.run(TestRunner.java:632)
	at org.testng.SuiteRunner.runTest(SuiteRunner.java:366)
	at org.testng.SuiteRunner.runSequentially(SuiteRunner.java:361)
	at org.testng.SuiteRunner.privateRun(SuiteRunner.java:319)
	at org.testng.SuiteRunner.run(SuiteRunner.java:268)
	at org.testng.SuiteRunnerWorker.runSuite(SuiteRunnerWorker.java:52)
	at org.testng.SuiteRunnerWorker.run(SuiteRunnerWorker.java:86)
	at org.testng.TestNG.runSuitesSequentially(TestNG.java:1244)
	at org.testng.TestNG.runSuitesLocally(TestNG.java:1169)
	at org.testng.TestNG.run(TestNG.java:1064)
	at org.testng.remote.RemoteTestNG.run(RemoteTestNG.java:113)
	at org.testng.remote.RemoteTestNG.initAndRun(RemoteTestNG.java:206)
	at org.testng.remote.RemoteTestNG.main(RemoteTestNG.java:177)
</pre></div></td>
<td>20</td>
<td>com.totalwine.test.actions.NewUserRegistrationCustomAC@33723e30</td></tr>
</table><p>
<table width='100%' border='1' class='invocation-skipped'>
<tr><td colspan='4' align='center'><b>SKIPPED TESTS</b></td></tr>
<tr><td><b>Test method</b></td>
<td width="30%"><b>Exception</b></td>
<td width="10%"><b>Time (seconds)</b></td>
<td><b>Instance</b></td>
</tr>
<tr>
<td title='com.totalwine.test.actions.NewUserRegistrationCustomAC.NewUserRegistrationCustomAcTest()'><b>NewUserRegistrationCustomAcTest</b><br>Test class: com.totalwine.test.actions.NewUserRegistrationCustomAC<br>Parameters: 72.66.119.61, Mclean, /wine/red-wine/cabernet-sauvignon/iter-cabernet-sauvignon-napa-valley/p/142211750?s=1108&igrules=true, 1, GROUND_HOME_DELIVERY, Checkout, Test, Test, 9484 Main Street, Test, Fairfax, VA, 22031, rsud@totalwine.com, grapes123, 7038440877, 4124939999999990, Jan, 2018, 123</td>
<td></td>
<td>0</td>
<td>com.totalwine.test.actions.NewUserRegistrationCustomAC@33723e30</td></tr>
<tr>
<td title='com.totalwine.test.actions.NewUserRegistrationCustomAC.NewUserRegistrationCustomAcTest()'><b>NewUserRegistrationCustomAcTest</b><br>Test class: com.totalwine.test.actions.NewUserRegistrationCustomAC<br>Parameters: 72.66.119.61, Mclean, /wine/red-wine/cabernet-sauvignon/iter-cabernet-sauvignon-napa-valley/p/142211750?s=1108&igrules=true, 1, GROUND_HOME_DELIVERY, Checkout, Test, Test, 9484 Main Street, Test, Fairfax, VA, 22031, jsnkth@twm.com, grapes123, 7038440877, 4124939999999990, Jan, 2018, 123</td>
<td></td>
<td>0</td>
<td>com.totalwine.test.actions.NewUserRegistrationCustomAC@33723e30</td></tr>
<tr>
<td title='com.totalwine.test.actions.NewUserRegistrationCustomAC.NewUserRegistrationCustomAcTest()'><b>NewUserRegistrationCustomAcTest</b><br>Test class: com.totalwine.test.actions.NewUserRegistrationCustomAC<br>Parameters: 72.66.119.61, Mclean, /wine/red-wine/cabernet-sauvignon/iter-cabernet-sauvignon-napa-valley/p/142211750?s=1108&igrules=true, 1, GROUND_HOME_DELIVERY, Checkout, Test, Test, 9484 Main Street, Test, Fairfax, VA, 22031, rsud@live.com, grapes123, 7038440877, 4124939999999990, Jan, 2018, 123</td>
<td></td>
<td>0</td>
<td>com.totalwine.test.actions.NewUserRegistrationCustomAC@33723e30</td></tr>
<tr>
<td title='com.totalwine.test.actions.NewUserRegistrationCustomAC.NewUserRegistrationCustomAcTest()'><b>NewUserRegistrationCustomAcTest</b><br>Test class: com.totalwine.test.actions.NewUserRegistrationCustomAC<br>Parameters: 72.66.119.61, Mclean, /wine/red-wine/cabernet-sauvignon/iter-cabernet-sauvignon-napa-valley/p/142211750?s=1108&igrules=true, 1, GROUND_HOME_DELIVERY, Checkout, Test, Test, 9484 Main Street, Test, Fairfax, VA, 22031, rsud79@gmail.com, grapes123, 7038440877, 4124939999999990, Jan, 2018, 123</td>
<td></td>
<td>0</td>
<td>com.totalwine.test.actions.NewUserRegistrationCustomAC@33723e30</td></tr>
<tr>
<td title='com.totalwine.test.actions.NewUserRegistrationCustomAC.NewUserRegistrationCustomAcTest()'><b>NewUserRegistrationCustomAcTest</b><br>Test class: com.totalwine.test.actions.NewUserRegistrationCustomAC<br>Parameters: 72.66.119.61, Mclean, /wine/red-wine/cabernet-sauvignon/iter-cabernet-sauvignon-napa-valley/p/142211750?s=1108&igrules=true, 1, GROUND_HOME_DELIVERY, Checkout, Test, Test, 9484 Main Street, Test, Fairfax, VA, 22031, rajatsud@yahoo.com, grapes123, 7038440877, 4124939999999990, Jan, 2018, 123</td>
<td></td>
<td>0</td>
<td>com.totalwine.test.actions.NewUserRegistrationCustomAC@33723e30</td></tr>
<tr>
<td title='com.totalwine.test.actions.NewUserRegistrationCustomAC.NewUserRegistrationCustomAcTest()'><b>NewUserRegistrationCustomAcTest</b><br>Test class: com.totalwine.test.actions.NewUserRegistrationCustomAC<br>Parameters: 72.66.119.61, Mclean, /wine/red-wine/cabernet-sauvignon/iter-cabernet-sauvignon-napa-valley/p/142211750?s=1108&igrules=true, 1, GROUND_HOME_DELIVERY, Checkout, Test, Test, 9484 Main Street, Test, Fairfax, VA, 22031, dotautomationtest1@gmail.com, grapes123, 7038440877, 4124939999999990, Jan, 2018, 123</td>
<td></td>
<td>0</td>
<td>com.totalwine.test.actions.NewUserRegistrationCustomAC@33723e30</td></tr>
<tr>
<td title='com.totalwine.test.actions.NewUserRegistrationCustomAC.NewUserRegistrationCustomAcTest()'><b>NewUserRegistrationCustomAcTest</b><br>Test class: com.totalwine.test.actions.NewUserRegistrationCustomAC<br>Parameters: 72.66.119.61, Mclean, /wine/red-wine/cabernet-sauvignon/iter-cabernet-sauvignon-napa-valley/p/142211750?s=1108&igrules=true, 1, GROUND_HOME_DELIVERY, Checkout, Test, Test, 9484 Main Street, Test, Fairfax, VA, 22031, dotautomationtest2@gmail.com, grapes123, 7038440877, 4124939999999990, Jan, 2018, 123</td>
<td></td>
<td>0</td>
<td>com.totalwine.test.actions.NewUserRegistrationCustomAC@33723e30</td></tr>
<tr>
<td title='com.totalwine.test.actions.NewUserRegistrationCustomAC.NewUserRegistrationCustomAcTest()'><b>NewUserRegistrationCustomAcTest</b><br>Test class: com.totalwine.test.actions.NewUserRegistrationCustomAC<br>Parameters: 72.66.119.61, Mclean, /wine/red-wine/cabernet-sauvignon/iter-cabernet-sauvignon-napa-valley/p/142211750?s=1108&igrules=true, 1, GROUND_HOME_DELIVERY, Checkout, Test, Test, 9484 Main Street, Test, Fairfax, VA, 22031, dotautomationtest3@gmail.com, grapes123, 7038440877, 4124939999999990, Jan, 2018, 123</td>
<td></td>
<td>0</td>
<td>com.totalwine.test.actions.NewUserRegistrationCustomAC@33723e30</td></tr>
<tr>
<td title='com.totalwine.test.actions.NewUserRegistrationCustomAC.NewUserRegistrationCustomAcTest()'><b>NewUserRegistrationCustomAcTest</b><br>Test class: com.totalwine.test.actions.NewUserRegistrationCustomAC<br>Parameters: 72.66.119.61, Mclean, /wine/red-wine/cabernet-sauvignon/iter-cabernet-sauvignon-napa-valley/p/142211750?s=1108&igrules=true, 1, GROUND_HOME_DELIVERY, Checkout, Test, Test, 9484 Main Street, Test, Fairfax, VA, 22031, dotautomationtest4@gmail.com, grapes123, 7038440877, 4124939999999990, Jan, 2018, 123</td>
<td></td>
<td>0</td>
<td>com.totalwine.test.actions.NewUserRegistrationCustomAC@33723e30</td></tr>
<tr>
<td title='com.totalwine.test.actions.NewUserRegistrationCustomAC.NewUserRegistrationCustomAcTest()'><b>NewUserRegistrationCustomAcTest</b><br>Test class: com.totalwine.test.actions.NewUserRegistrationCustomAC<br>Parameters: 72.66.119.61, Mclean, /wine/red-wine/cabernet-sauvignon/iter-cabernet-sauvignon-napa-valley/p/142211750?s=1108&igrules=true, 1, GROUND_HOME_DELIVERY, Checkout, Test, Test, 9484 Main Street, Test, Fairfax, VA, 22031, dotautomationtest5@gmail.com, grapes123, 7038440877, 4124939999999990, Jan, 2018, 123</td>
<td></td>
<td>0</td>
<td>com.totalwine.test.actions.NewUserRegistrationCustomAC@33723e30</td></tr>
<tr>
<td title='com.totalwine.test.actions.NewUserRegistrationCustomAC.NewUserRegistrationCustomAcTest()'><b>NewUserRegistrationCustomAcTest</b><br>Test class: com.totalwine.test.actions.NewUserRegistrationCustomAC<br>Parameters: 72.66.119.61, Mclean, /wine/red-wine/cabernet-sauvignon/iter-cabernet-sauvignon-napa-valley/p/142211750?s=1108&igrules=true, 1, GROUND_HOME_DELIVERY, Checkout, Test, Test, 9484 Main Street, Test, Fairfax, VA, 22031, dotautomationtest6@gmail.com, grapes123, 7038440877, 4124939999999990, Jan, 2018, 123</td>
<td></td>
<td>0</td>
<td>com.totalwine.test.actions.NewUserRegistrationCustomAC@33723e30</td></tr>
<tr>
<td title='com.totalwine.test.actions.NewUserRegistrationCustomAC.NewUserRegistrationCustomAcTest()'><b>NewUserRegistrationCustomAcTest</b><br>Test class: com.totalwine.test.actions.NewUserRegistrationCustomAC<br>Parameters: 72.66.119.61, Mclean, /wine/red-wine/cabernet-sauvignon/iter-cabernet-sauvignon-napa-valley/p/142211750?s=1108&igrules=true, 1, GROUND_HOME_DELIVERY, Checkout, Test, Test, 9484 Main Street, Test, Fairfax, VA, 22031, dotautomationtest7@gmail.com, grapes123, 7038440877, 4124939999999990, Jan, 2018, 123</td>
<td></td>
<td>0</td>
<td>com.totalwine.test.actions.NewUserRegistrationCustomAC@33723e30</td></tr>
<tr>
<td title='com.totalwine.test.actions.NewUserRegistrationCustomAC.NewUserRegistrationCustomAcTest()'><b>NewUserRegistrationCustomAcTest</b><br>Test class: com.totalwine.test.actions.NewUserRegistrationCustomAC<br>Parameters: 72.66.119.61, Mclean, /wine/red-wine/cabernet-sauvignon/iter-cabernet-sauvignon-napa-valley/p/142211750?s=1108&igrules=true, 1, GROUND_HOME_DELIVERY, Checkout, Test, Test, 9484 Main Street, Test, Fairfax, VA, 22031, dotautomationtest8@gmail.com, grapes123, 7038440877, 4124939999999990, Jan, 2018, 123</td>
<td></td>
<td>0</td>
<td>com.totalwine.test.actions.NewUserRegistrationCustomAC@33723e30</td></tr>
<tr>
<td title='com.totalwine.test.actions.NewUserRegistrationCustomAC.NewUserRegistrationCustomAcTest()'><b>NewUserRegistrationCustomAcTest</b><br>Test class: com.totalwine.test.actions.NewUserRegistrationCustomAC<br>Parameters: 72.66.119.61, Mclean, /wine/red-wine/cabernet-sauvignon/iter-cabernet-sauvignon-napa-valley/p/142211750?s=1108&igrules=true, 1, GROUND_HOME_DELIVERY, Checkout, Test, Test, 9484 Main Street, Test, Fairfax, VA, 22031, dotautomationtest9@gmail.com, grapes123, 7038440877, 4124939999999990, Jan, 2018, 123</td>
<td></td>
<td>0</td>
<td>com.totalwine.test.actions.NewUserRegistrationCustomAC@33723e30</td></tr>
<tr>
<td title='com.totalwine.test.actions.NewUserRegistrationCustomAC.NewUserRegistrationCustomAcTest()'><b>NewUserRegistrationCustomAcTest</b><br>Test class: com.totalwine.test.actions.NewUserRegistrationCustomAC<br>Parameters: 72.66.119.61, Mclean, /wine/red-wine/cabernet-sauvignon/iter-cabernet-sauvignon-napa-valley/p/142211750?s=1108&igrules=true, 1, GROUND_HOME_DELIVERY, Checkout, Test, Test, 9484 Main Street, Test, Fairfax, VA, 22031, dotautomationtest10@gmail.com, grapes123, 7038440877, 4124939999999990, Jan, 2018, 123</td>
<td></td>
<td>0</td>
<td>com.totalwine.test.actions.NewUserRegistrationCustomAC@33723e30</td></tr>
</table><p>
</body>
</html>