<?xml version="1.0" encoding="UTF-8"?>
<!-- Generated by org.testng.reporters.JUnitXMLReporter -->
<testsuite hostname="PRT-4QRSD12" name="Search" tests="1" failures="1" timestamp="12 Jul 2016 17:07:32 GMT" time="47.729" errors="0">
  <testcase name="@AfterMethod takeScreenShotOnFailure" time="0.0" classname="com.totalwine.test.search.SearchNullTerms">
    <failure type="java.lang.NullPointerException">
      <![CDATA[java.lang.NullPointerException
	at com.totalwine.test.search.SearchNullTerms.takeScreenShotOnFailure(SearchNullTerms.java:240)
	at sun.reflect.NativeMethodAccessorImpl.invoke0(Native Method)
	at sun.reflect.NativeMethodAccessorImpl.invoke(Unknown Source)
	at sun.reflect.DelegatingMethodAccessorImpl.invoke(Unknown Source)
	at java.lang.reflect.Method.invoke(Unknown Source)
	at org.testng.internal.MethodInvocationHelper.invokeMethod(MethodInvocationHelper.java:86)
	at org.testng.internal.Invoker.invokeConfigurationMethod(Invoker.java:514)
	at org.testng.internal.Invoker.invokeConfigurations(Invoker.java:215)
	at org.testng.internal.Invoker.invokeMethod(Invoker.java:709)
	at org.testng.internal.Invoker.invokeTestMethod(Invoker.java:822)
	at org.testng.internal.Invoker.invokeTestMethods(Invoker.java:1130)
	at org.testng.internal.TestMethodWorker.invokeTestMethods(TestMethodWorker.java:129)
	at org.testng.internal.TestMethodWorker.run(TestMethodWorker.java:112)
	at org.testng.TestRunner.privateRun(TestRunner.java:782)
	at org.testng.TestRunner.run(TestRunner.java:632)
	at org.testng.SuiteRunner.runTest(SuiteRunner.java:366)
	at org.testng.SuiteRunner.runSequentially(SuiteRunner.java:361)
	at org.testng.SuiteRunner.privateRun(SuiteRunner.java:319)
	at org.testng.SuiteRunner.run(SuiteRunner.java:268)
	at org.testng.SuiteRunnerWorker.runSuite(SuiteRunnerWorker.java:52)
	at org.testng.SuiteRunnerWorker.run(SuiteRunnerWorker.java:86)
	at org.testng.TestNG.runSuitesSequentially(TestNG.java:1244)
	at org.testng.TestNG.runSuitesLocally(TestNG.java:1169)
	at org.testng.TestNG.run(TestNG.java:1064)
	at org.testng.remote.RemoteTestNG.run(RemoteTestNG.java:113)
	at org.testng.remote.RemoteTestNG.initAndRun(RemoteTestNG.java:206)
	at org.testng.remote.RemoteTestNG.main(RemoteTestNG.java:177)
]]>
    </failure>
  </testcase> <!-- @AfterMethod takeScreenShotOnFailure -->
  <testcase name="SearchNullTermsTest" time="47.693" classname="com.totalwine.test.search.SearchNullTerms">
    <failure type="org.openqa.selenium.WebDriverException" message="Failed to connect to binary FirefoxBinary(C:\Program Files (x86)\Mozilla Firefox\firefox.exe) on port 7055; process output follows: 
ersion&amp;quot;:&amp;quot;2.0&amp;quot;,&amp;quot;type&amp;quot;:&amp;quot;extension&amp;quot;,&amp;quot;internalName&amp;quot;:null,&amp;quot;updateURL&amp;quot;:null,&amp;quot;updateKey&amp;quot;:null,&amp;quot;optionsURL&amp;quot;:null,&amp;quot;optionsType&amp;quot;:null,&amp;quot;aboutURL&amp;quot;:null,&amp;quot;icons&amp;quot;:{},&amp;quot;iconURL&amp;quot;:&amp;quot;chrome://ocplugin/content/webexball_32.ico&amp;quot;,&amp;quot;icon64URL&amp;quot;:null,&amp;quot;defaultLocale&amp;quot;:{&amp;quot;name&amp;quot;:&amp;quot;WebEx Productivity Tools&amp;quot;,&amp;quot;description&amp;quot;:&amp;quot;Start WebEx One-Click Meeting&amp;quot;,&amp;quot;creator&amp;quot;:&amp;quot;Cisco WebEx&amp;quot;,&amp;quot;homepageURL&amp;quot;:&amp;quot;http://www.webex.com/&amp;quot;},&amp;quot;visible&amp;quot;:true,&amp;quot;active&amp;quot;:false,&amp;quot;userDisabled&amp;quot;:true,&amp;quot;appDisabled&amp;quot;:false,&amp;quot;descriptor&amp;quot;:&amp;quot;C:\\Program Files (x86)\\WebEx\\Productivity Tools&amp;quot;,&amp;quot;installDate&amp;quot;:1453841279197,&amp;quot;updateDate&amp;quot;:1453841279197,&amp;quot;applyBackgroundUpdates&amp;quot;:1,&amp;quot;bootstrap&amp;quot;:false,&amp;quot;skinnable&amp;quot;:false,&amp;quot;size&amp;quot;:31512585,&amp;quot;sourceURI&amp;quot;:null,&amp;quot;releaseNotesURI&amp;quot;:null,&amp;quot;softDisabled&amp;quot;:false,&amp;quot;foreignInstall&amp;quot;:true,&amp;quot;hasBinaryComponents&amp;quot;:true,&amp;quot;strictCompatibility&amp;quot;:false,&amp;quot;locales&amp;quot;:[],&amp;quot;targetApplications&amp;quot;:[{&amp;quot;id&amp;quot;:&amp;quot;{ec8030f7-c20a-464f-9b0e-13a3a9e97384}&amp;quot;,&amp;quot;minVersion&amp;quot;:&amp;quot;1.0+&amp;quot;,&amp;quot;maxVersion&amp;quot;:&amp;quot;99.*.*.*&amp;quot;}],&amp;quot;targetPlatforms&amp;quot;:[],&amp;quot;multiprocessCompatible&amp;quot;:false,&amp;quot;signedState&amp;quot;:0,&amp;quot;seen&amp;quot;:true}
1468343208358	DeferredSave.extensions.json	DEBUG	Save changes
1468343208358	addons.xpi	DEBUG	Updating database with changes to installed add-ons
1468343208358	addons.xpi-utils	DEBUG	Updating add-on states
1468343208360	addons.xpi-utils	DEBUG	Writing add-ons list
1468343208365	addons.xpi	DEBUG	Registering manifest for C:\Program Files (x86)\Mozilla Firefox\browser\features\e10srollout@mozilla.org.xpi
1468343208365	addons.xpi	DEBUG	Calling bootstrap method startup on e10srollout@mozilla.org version 1.0
1468343208365	addons.xpi	DEBUG	Registering manifest for C:\Program Files (x86)\Mozilla Firefox\browser\features\firefox@getpocket.com.xpi
1468343208366	addons.xpi	DEBUG	Calling bootstrap method startup on firefox@getpocket.com version 1.0
1468343208367	addons.xpi	DEBUG	Registering manifest for C:\Program Files (x86)\Mozilla Firefox\browser\features\loop@mozilla.org.xpi
1468343208367	addons.xpi	DEBUG	Calling bootstrap method startup on loop@mozilla.org version 1.2.6
1468343208383	addons.manager	DEBUG	Registering shutdown blocker for XPIProvider
1468343208383	addons.manager	DEBUG	Provider finished startup: XPIProvider
1468343208383	addons.manager	DEBUG	Starting provider: LightweightThemeManager
1468343208383	addons.manager	DEBUG	Registering shutdown blocker for LightweightThemeManager
1468343208383	addons.manager	DEBUG	Provider finished startup: LightweightThemeManager
1468343208384	addons.manager	DEBUG	Starting provider: GMPProvider
1468343208389	addons.manager	DEBUG	Registering shutdown blocker for GMPProvider
1468343208389	addons.manager	DEBUG	Provider finished startup: GMPProvider
1468343208389	addons.manager	DEBUG	Starting provider: PluginProvider
1468343208390	addons.manager	DEBUG	Registering shutdown blocker for PluginProvider
1468343208390	addons.manager	DEBUG	Provider finished startup: PluginProvider
1468343208390	addons.manager	DEBUG	Completed startup sequence
1468343211435	addons.manager	DEBUG	Starting provider: &amp;lt;unnamed-provider&amp;gt;
1468343211436	addons.manager	DEBUG	Registering shutdown blocker for &amp;lt;unnamed-provider&amp;gt;
1468343211436	addons.manager	DEBUG	Provider finished startup: &amp;lt;unnamed-provider&amp;gt;
1468343212216	DeferredSave.extensions.json	DEBUG	Write succeeded
1468343212216	addons.xpi-utils	DEBUG	XPI Database saved, setting schema version preference to 17
1468343212216	DeferredSave.extensions.json	DEBUG	Starting timer
1468343212237	DeferredSave.extensions.json	DEBUG	Starting write
1468343212253	addons.repository	DEBUG	No addons.json found.
1468343212253	DeferredSave.addons.json	DEBUG	Save changes
1468343212256	DeferredSave.addons.json	DEBUG	Starting timer
1468343212296	addons.manager	DEBUG	Starting provider: PreviousExperimentProvider
1468343212296	addons.manager	DEBUG	Registering shutdown blocker for PreviousExperimentProvider
1468343212296	addons.manager	DEBUG	Provider finished startup: PreviousExperimentProvider
1468343212309	DeferredSave.extensions.json	DEBUG	Write succeeded
1468343212309	DeferredSave.addons.json	DEBUG	Starting write
1468343212386	DeferredSave.addons.json	DEBUG	Write succeeded

Build info: version: &amp;apos;2.49.0&amp;apos;, revision: &amp;apos;365eeb4&amp;apos;, time: &amp;apos;2016-01-13 18:33:29&amp;apos;
System info: host: &amp;apos;PRT-4QRSD12&amp;apos;, ip: &amp;apos;10.125.22.78&amp;apos;, os.name: &amp;apos;Windows 7&amp;apos;, os.arch: &amp;apos;amd64&amp;apos;, os.version: &amp;apos;6.1&amp;apos;, java.version: &amp;apos;1.8.0_71&amp;apos;
Driver info: driver.version: FirefoxDriver">
      <![CDATA[org.openqa.selenium.WebDriverException: Failed to connect to binary FirefoxBinary(C:\Program Files (x86)\Mozilla Firefox\firefox.exe) on port 7055; process output follows: 
ersion":"2.0","type":"extension","internalName":null,"updateURL":null,"updateKey":null,"optionsURL":null,"optionsType":null,"aboutURL":null,"icons":{},"iconURL":"chrome://ocplugin/content/webexball_32.ico","icon64URL":null,"defaultLocale":{"name":"WebEx Productivity Tools","description":"Start WebEx One-Click Meeting","creator":"Cisco WebEx","homepageURL":"http://www.webex.com/"},"visible":true,"active":false,"userDisabled":true,"appDisabled":false,"descriptor":"C:\\Program Files (x86)\\WebEx\\Productivity Tools","installDate":1453841279197,"updateDate":1453841279197,"applyBackgroundUpdates":1,"bootstrap":false,"skinnable":false,"size":31512585,"sourceURI":null,"releaseNotesURI":null,"softDisabled":false,"foreignInstall":true,"hasBinaryComponents":true,"strictCompatibility":false,"locales":[],"targetApplications":[{"id":"{ec8030f7-c20a-464f-9b0e-13a3a9e97384}","minVersion":"1.0+","maxVersion":"99.*.*.*"}],"targetPlatforms":[],"multiprocessCompatible":false,"signedState":0,"seen":true}
1468343208358	DeferredSave.extensions.json	DEBUG	Save changes
1468343208358	addons.xpi	DEBUG	Updating database with changes to installed add-ons
1468343208358	addons.xpi-utils	DEBUG	Updating add-on states
1468343208360	addons.xpi-utils	DEBUG	Writing add-ons list
1468343208365	addons.xpi	DEBUG	Registering manifest for C:\Program Files (x86)\Mozilla Firefox\browser\features\e10srollout@mozilla.org.xpi
1468343208365	addons.xpi	DEBUG	Calling bootstrap method startup on e10srollout@mozilla.org version 1.0
1468343208365	addons.xpi	DEBUG	Registering manifest for C:\Program Files (x86)\Mozilla Firefox\browser\features\firefox@getpocket.com.xpi
1468343208366	addons.xpi	DEBUG	Calling bootstrap method startup on firefox@getpocket.com version 1.0
1468343208367	addons.xpi	DEBUG	Registering manifest for C:\Program Files (x86)\Mozilla Firefox\browser\features\loop@mozilla.org.xpi
1468343208367	addons.xpi	DEBUG	Calling bootstrap method startup on loop@mozilla.org version 1.2.6
1468343208383	addons.manager	DEBUG	Registering shutdown blocker for XPIProvider
1468343208383	addons.manager	DEBUG	Provider finished startup: XPIProvider
1468343208383	addons.manager	DEBUG	Starting provider: LightweightThemeManager
1468343208383	addons.manager	DEBUG	Registering shutdown blocker for LightweightThemeManager
1468343208383	addons.manager	DEBUG	Provider finished startup: LightweightThemeManager
1468343208384	addons.manager	DEBUG	Starting provider: GMPProvider
1468343208389	addons.manager	DEBUG	Registering shutdown blocker for GMPProvider
1468343208389	addons.manager	DEBUG	Provider finished startup: GMPProvider
1468343208389	addons.manager	DEBUG	Starting provider: PluginProvider
1468343208390	addons.manager	DEBUG	Registering shutdown blocker for PluginProvider
1468343208390	addons.manager	DEBUG	Provider finished startup: PluginProvider
1468343208390	addons.manager	DEBUG	Completed startup sequence
1468343211435	addons.manager	DEBUG	Starting provider: <unnamed-provider>
1468343211436	addons.manager	DEBUG	Registering shutdown blocker for <unnamed-provider>
1468343211436	addons.manager	DEBUG	Provider finished startup: <unnamed-provider>
1468343212216	DeferredSave.extensions.json	DEBUG	Write succeeded
1468343212216	addons.xpi-utils	DEBUG	XPI Database saved, setting schema version preference to 17
1468343212216	DeferredSave.extensions.json	DEBUG	Starting timer
1468343212237	DeferredSave.extensions.json	DEBUG	Starting write
1468343212253	addons.repository	DEBUG	No addons.json found.
1468343212253	DeferredSave.addons.json	DEBUG	Save changes
1468343212256	DeferredSave.addons.json	DEBUG	Starting timer
1468343212296	addons.manager	DEBUG	Starting provider: PreviousExperimentProvider
1468343212296	addons.manager	DEBUG	Registering shutdown blocker for PreviousExperimentProvider
1468343212296	addons.manager	DEBUG	Provider finished startup: PreviousExperimentProvider
1468343212309	DeferredSave.extensions.json	DEBUG	Write succeeded
1468343212309	DeferredSave.addons.json	DEBUG	Starting write
1468343212386	DeferredSave.addons.json	DEBUG	Write succeeded

Build info: version: '2.49.0', revision: '365eeb4', time: '2016-01-13 18:33:29'
System info: host: 'PRT-4QRSD12', ip: '10.125.22.78', os.name: 'Windows 7', os.arch: 'amd64', os.version: '6.1', java.version: '1.8.0_71'
Driver info: driver.version: FirefoxDriver
	at org.openqa.selenium.firefox.internal.NewProfileExtensionConnection.start(NewProfileExtensionConnection.java:134)
	at org.openqa.selenium.firefox.FirefoxDriver.startClient(FirefoxDriver.java:271)
	at org.openqa.selenium.remote.RemoteWebDriver.<init>(RemoteWebDriver.java:119)
	at org.openqa.selenium.firefox.FirefoxDriver.<init>(FirefoxDriver.java:218)
	at org.openqa.selenium.firefox.FirefoxDriver.<init>(FirefoxDriver.java:211)
	at org.openqa.selenium.firefox.FirefoxDriver.<init>(FirefoxDriver.java:207)
	at org.openqa.selenium.firefox.FirefoxDriver.<init>(FirefoxDriver.java:120)
	at com.totalwine.test.search.SearchNullTerms.SearchNullTermsTest(SearchNullTerms.java:49)
	at sun.reflect.NativeMethodAccessorImpl.invoke0(Native Method)
	at sun.reflect.NativeMethodAccessorImpl.invoke(Unknown Source)
	at sun.reflect.DelegatingMethodAccessorImpl.invoke(Unknown Source)
	at java.lang.reflect.Method.invoke(Unknown Source)
	at org.testng.internal.MethodInvocationHelper.invokeMethod(MethodInvocationHelper.java:86)
	at org.testng.internal.Invoker.invokeMethod(Invoker.java:645)
	at org.testng.internal.Invoker.invokeTestMethod(Invoker.java:822)
	at org.testng.internal.Invoker.invokeTestMethods(Invoker.java:1130)
	at org.testng.internal.TestMethodWorker.invokeTestMethods(TestMethodWorker.java:129)
	at org.testng.internal.TestMethodWorker.run(TestMethodWorker.java:112)
	at org.testng.TestRunner.privateRun(TestRunner.java:782)
	at org.testng.TestRunner.run(TestRunner.java:632)
	at org.testng.SuiteRunner.runTest(SuiteRunner.java:366)
	at org.testng.SuiteRunner.runSequentially(SuiteRunner.java:361)
	at org.testng.SuiteRunner.privateRun(SuiteRunner.java:319)
	at org.testng.SuiteRunner.run(SuiteRunner.java:268)
	at org.testng.SuiteRunnerWorker.runSuite(SuiteRunnerWorker.java:52)
	at org.testng.SuiteRunnerWorker.run(SuiteRunnerWorker.java:86)
	at org.testng.TestNG.runSuitesSequentially(TestNG.java:1244)
	at org.testng.TestNG.runSuitesLocally(TestNG.java:1169)
	at org.testng.TestNG.run(TestNG.java:1064)
	at org.testng.remote.RemoteTestNG.run(RemoteTestNG.java:113)
	at org.testng.remote.RemoteTestNG.initAndRun(RemoteTestNG.java:206)
	at org.testng.remote.RemoteTestNG.main(RemoteTestNG.java:177)
Caused by: org.openqa.selenium.firefox.NotConnectedException: Unable to connect to host 127.0.0.1 on port 7055 after 45000 ms. Firefox console output:
ersion":"2.0","type":"extension","internalName":null,"updateURL":null,"updateKey":null,"optionsURL":null,"optionsType":null,"aboutURL":null,"icons":{},"iconURL":"chrome://ocplugin/content/webexball_32.ico","icon64URL":null,"defaultLocale":{"name":"WebEx Productivity Tools","description":"Start WebEx One-Click Meeting","creator":"Cisco WebEx","homepageURL":"http://www.webex.com/"},"visible":true,"active":false,"userDisabled":true,"appDisabled":false,"descriptor":"C:\\Program Files (x86)\\WebEx\\Productivity Tools","installDate":1453841279197,"updateDate":1453841279197,"applyBackgroundUpdates":1,"bootstrap":false,"skinnable":false,"size":31512585,"sourceURI":null,"releaseNotesURI":null,"softDisabled":false,"foreignInstall":true,"hasBinaryComponents":true,"strictCompatibility":false,"locales":[],"targetApplications":[{"id":"{ec8030f7-c20a-464f-9b0e-13a3a9e97384}","minVersion":"1.0+","maxVersion":"99.*.*.*"}],"targetPlatforms":[],"multiprocessCompatible":false,"signedState":0,"seen":true}
1468343208358	DeferredSave.extensions.json	DEBUG	Save changes
1468343208358	addons.xpi	DEBUG	Updating database with changes to installed add-ons
1468343208358	addons.xpi-utils	DEBUG	Updating add-on states
1468343208360	addons.xpi-utils	DEBUG	Writing add-ons list
1468343208365	addons.xpi	DEBUG	Registering manifest for C:\Program Files (x86)\Mozilla Firefox\browser\features\e10srollout@mozilla.org.xpi
1468343208365	addons.xpi	DEBUG	Calling bootstrap method startup on e10srollout@mozilla.org version 1.0
1468343208365	addons.xpi	DEBUG	Registering manifest for C:\Program Files (x86)\Mozilla Firefox\browser\features\firefox@getpocket.com.xpi
1468343208366	addons.xpi	DEBUG	Calling bootstrap method startup on firefox@getpocket.com version 1.0
1468343208367	addons.xpi	DEBUG	Registering manifest for C:\Program Files (x86)\Mozilla Firefox\browser\features\loop@mozilla.org.xpi
1468343208367	addons.xpi	DEBUG	Calling bootstrap method startup on loop@mozilla.org version 1.2.6
1468343208383	addons.manager	DEBUG	Registering shutdown blocker for XPIProvider
1468343208383	addons.manager	DEBUG	Provider finished startup: XPIProvider
1468343208383	addons.manager	DEBUG	Starting provider: LightweightThemeManager
1468343208383	addons.manager	DEBUG	Registering shutdown blocker for LightweightThemeManager
1468343208383	addons.manager	DEBUG	Provider finished startup: LightweightThemeManager
1468343208384	addons.manager	DEBUG	Starting provider: GMPProvider
1468343208389	addons.manager	DEBUG	Registering shutdown blocker for GMPProvider
1468343208389	addons.manager	DEBUG	Provider finished startup: GMPProvider
1468343208389	addons.manager	DEBUG	Starting provider: PluginProvider
1468343208390	addons.manager	DEBUG	Registering shutdown blocker for PluginProvider
1468343208390	addons.manager	DEBUG	Provider finished startup: PluginProvider
1468343208390	addons.manager	DEBUG	Completed startup sequence
1468343211435	addons.manager	DEBUG	Starting provider: <unnamed-provider>
1468343211436	addons.manager	DEBUG	Registering shutdown blocker for <unnamed-provider>
1468343211436	addons.manager	DEBUG	Provider finished startup: <unnamed-provider>
1468343212216	DeferredSave.extensions.json	DEBUG	Write succeeded
1468343212216	addons.xpi-utils	DEBUG	XPI Database saved, setting schema version preference to 17
1468343212216	DeferredSave.extensions.json	DEBUG	Starting timer
1468343212237	DeferredSave.extensions.json	DEBUG	Starting write
1468343212253	addons.repository	DEBUG	No addons.json found.
1468343212253	DeferredSave.addons.json	DEBUG	Save changes
1468343212256	DeferredSave.addons.json	DEBUG	Starting timer
1468343212296	addons.manager	DEBUG	Starting provider: PreviousExperimentProvider
1468343212296	addons.manager	DEBUG	Registering shutdown blocker for PreviousExperimentProvider
1468343212296	addons.manager	DEBUG	Provider finished startup: PreviousExperimentProvider
1468343212309	DeferredSave.extensions.json	DEBUG	Write succeeded
1468343212309	DeferredSave.addons.json	DEBUG	Starting write
1468343212386	DeferredSave.addons.json	DEBUG	Write succeeded

	at org.openqa.selenium.firefox.internal.NewProfileExtensionConnection.start(NewProfileExtensionConnection.java:122)
	... 31 more
]]>
    </failure>
  </testcase> <!-- SearchNullTermsTest -->
</testsuite> <!-- Search -->
