<?xml version="1.0" encoding="UTF-8"?>
<testng-results skipped="15" failed="1" total="16" passed="0">
  <reporter-output>
  </reporter-output>
  <suite name="MultiBrowserSuite" duration-ms="29646" started-at="2016-07-12T20:48:49Z" finished-at="2016-07-12T20:49:18Z">
    <groups>
    </groups>
    <test name="Chrome test" duration-ms="29646" started-at="2016-07-12T20:48:49Z" finished-at="2016-07-12T20:49:18Z">
      <class name="com.totalwine.test.actions.NewUserRegistrationCustomAC">
        <test-method status="PASS" signature="openBrowser(java.lang.String)[pri:0, instance:com.totalwine.test.actions.NewUserRegistrationCustomAC@33723e30]" name="openBrowser" is-config="true" duration-ms="9670" started-at="2016-07-12T16:48:49Z" finished-at="2016-07-12T16:48:59Z">
          <params>
            <param index="0">
              <value>
                <![CDATA[Chrome]]>
              </value>
            </param>
          </params>
          <reporter-output>
          </reporter-output>
        </test-method> <!-- openBrowser -->
        <test-method status="PASS" signature="setUp()[pri:0, instance:com.totalwine.test.actions.NewUserRegistrationCustomAC@33723e30]" name="setUp" is-config="true" duration-ms="1435" started-at="2016-07-12T16:48:59Z" finished-at="2016-07-12T16:49:00Z">
          <reporter-output>
          </reporter-output>
        </test-method> <!-- setUp -->
        <test-method status="FAIL" signature="NewUserRegistrationCustomAcTest(java.lang.String, java.lang.String, java.lang.String, java.lang.String, java.lang.String, java.lang.String, java.lang.String, java.lang.String, java.lang.String, java.lang.String, java.lang.String, java.lang.String, java.lang.String, java.lang.String, java.lang.String, java.lang.String, java.lang.String, java.lang.String, java.lang.String, java.lang.String)[pri:0, instance:com.totalwine.test.actions.NewUserRegistrationCustomAC@33723e30]" name="NewUserRegistrationCustomAcTest" duration-ms="17706" started-at="2016-07-12T16:49:00Z" data-provider="CheckoutParameters" finished-at="2016-07-12T16:49:18Z">
          <params>
            <param index="0">
              <value>
                <![CDATA[72.66.119.61]]>
              </value>
            </param>
            <param index="1">
              <value>
                <![CDATA[Mclean]]>
              </value>
            </param>
            <param index="2">
              <value>
                <![CDATA[/wine/red-wine/cabernet-sauvignon/iter-cabernet-sauvignon-napa-valley/p/142211750?s=1108&igrules=true]]>
              </value>
            </param>
            <param index="3">
              <value>
                <![CDATA[1]]>
              </value>
            </param>
            <param index="4">
              <value>
                <![CDATA[GROUND_HOME_DELIVERY]]>
              </value>
            </param>
            <param index="5">
              <value>
                <![CDATA[Checkout]]>
              </value>
            </param>
            <param index="6">
              <value>
                <![CDATA[Test]]>
              </value>
            </param>
            <param index="7">
              <value>
                <![CDATA[Test]]>
              </value>
            </param>
            <param index="8">
              <value>
                <![CDATA[9484 Main Street]]>
              </value>
            </param>
            <param index="9">
              <value>
                <![CDATA[Test]]>
              </value>
            </param>
            <param index="10">
              <value>
                <![CDATA[Fairfax]]>
              </value>
            </param>
            <param index="11">
              <value>
                <![CDATA[VA]]>
              </value>
            </param>
            <param index="12">
              <value>
                <![CDATA[22031]]>
              </value>
            </param>
            <param index="13">
              <value>
                <![CDATA[mhossain@totalwine.com]]>
              </value>
            </param>
            <param index="14">
              <value>
                <![CDATA[grapes123]]>
              </value>
            </param>
            <param index="15">
              <value>
                <![CDATA[7038440877]]>
              </value>
            </param>
            <param index="16">
              <value>
                <![CDATA[4124939999999990]]>
              </value>
            </param>
            <param index="17">
              <value>
                <![CDATA[Jan]]>
              </value>
            </param>
            <param index="18">
              <value>
                <![CDATA[2018]]>
              </value>
            </param>
            <param index="19">
              <value>
                <![CDATA[123]]>
              </value>
            </param>
          </params>
          <exception class="org.openqa.selenium.NoSuchElementException">
            <message>
              <![CDATA[no such element: Unable to locate element: {"method":"css selector","selector":"a[data-modal-id=loggedin-not-wrapper]"}
  (Session info: chrome=51.0.2704.103)
  (Driver info: chromedriver=2.22.397933 (1cab651507b88dec79b2b2a22d1943c01833cc1b),platform=Windows NT 6.1.7601 SP1 x86_64) (WARNING: The server did not provide any stacktrace information)
Command duration or timeout: 31 milliseconds
For documentation on this error, please visit: http://seleniumhq.org/exceptions/no_such_element.html
Build info: version: '2.49.0', revision: '365eeb4', time: '2016-01-13 18:33:29'
System info: host: 'PRT-4QRSD12', ip: '10.125.22.78', os.name: 'Windows 7', os.arch: 'amd64', os.version: '6.1', java.version: '1.8.0_71'
Driver info: org.openqa.selenium.chrome.ChromeDriver
Capabilities [{applicationCacheEnabled=false, rotatable=false, mobileEmulationEnabled=false, chrome={chromedriverVersion=2.22.397933 (1cab651507b88dec79b2b2a22d1943c01833cc1b), userDataDir=C:\Users\mhossain\AppData\Local\Temp\scoped_dir6364_2615}, takesHeapSnapshot=true, databaseEnabled=false, handlesAlerts=true, hasTouchScreen=false, version=51.0.2704.103, platform=XP, browserConnectionEnabled=false, nativeEvents=true, acceptSslCerts=true, locationContextEnabled=true, webStorageEnabled=true, browserName=chrome, takesScreenshot=true, javascriptEnabled=true, cssSelectorsEnabled=true}]
Session ID: 429386fb0a46ae1572413cf0b485f92c
*** Element info: {Using=css selector, value=a[data-modal-id=loggedin-not-wrapper]}]]>
            </message>
            <full-stacktrace>
              <![CDATA[org.openqa.selenium.NoSuchElementException: no such element: Unable to locate element: {"method":"css selector","selector":"a[data-modal-id=loggedin-not-wrapper]"}
  (Session info: chrome=51.0.2704.103)
  (Driver info: chromedriver=2.22.397933 (1cab651507b88dec79b2b2a22d1943c01833cc1b),platform=Windows NT 6.1.7601 SP1 x86_64) (WARNING: The server did not provide any stacktrace information)
Command duration or timeout: 31 milliseconds
For documentation on this error, please visit: http://seleniumhq.org/exceptions/no_such_element.html
Build info: version: '2.49.0', revision: '365eeb4', time: '2016-01-13 18:33:29'
System info: host: 'PRT-4QRSD12', ip: '10.125.22.78', os.name: 'Windows 7', os.arch: 'amd64', os.version: '6.1', java.version: '1.8.0_71'
Driver info: org.openqa.selenium.chrome.ChromeDriver
Capabilities [{applicationCacheEnabled=false, rotatable=false, mobileEmulationEnabled=false, chrome={chromedriverVersion=2.22.397933 (1cab651507b88dec79b2b2a22d1943c01833cc1b), userDataDir=C:\Users\mhossain\AppData\Local\Temp\scoped_dir6364_2615}, takesHeapSnapshot=true, databaseEnabled=false, handlesAlerts=true, hasTouchScreen=false, version=51.0.2704.103, platform=XP, browserConnectionEnabled=false, nativeEvents=true, acceptSslCerts=true, locationContextEnabled=true, webStorageEnabled=true, browserName=chrome, takesScreenshot=true, javascriptEnabled=true, cssSelectorsEnabled=true}]
Session ID: 429386fb0a46ae1572413cf0b485f92c
*** Element info: {Using=css selector, value=a[data-modal-id=loggedin-not-wrapper]}
	at sun.reflect.NativeConstructorAccessorImpl.newInstance0(Native Method)
	at sun.reflect.NativeConstructorAccessorImpl.newInstance(Unknown Source)
	at sun.reflect.DelegatingConstructorAccessorImpl.newInstance(Unknown Source)
	at java.lang.reflect.Constructor.newInstance(Unknown Source)
	at org.openqa.selenium.remote.ErrorHandler.createThrowable(ErrorHandler.java:206)
	at org.openqa.selenium.remote.ErrorHandler.throwIfResponseFailed(ErrorHandler.java:158)
	at org.openqa.selenium.remote.RemoteWebDriver.execute(RemoteWebDriver.java:678)
	at org.openqa.selenium.remote.RemoteWebDriver.findElement(RemoteWebDriver.java:363)
	at org.openqa.selenium.remote.RemoteWebDriver.findElementByCssSelector(RemoteWebDriver.java:492)
	at org.openqa.selenium.By$ByCssSelector.findElement(By.java:430)
	at org.openqa.selenium.remote.RemoteWebDriver.findElement(RemoteWebDriver.java:355)
	at com.totalwine.test.actions.NewUserRegistrationCustomAC.NewUserRegistrationCustomAcTest(NewUserRegistrationCustomAC.java:81)
	at sun.reflect.NativeMethodAccessorImpl.invoke0(Native Method)
	at sun.reflect.NativeMethodAccessorImpl.invoke(Unknown Source)
	at sun.reflect.DelegatingMethodAccessorImpl.invoke(Unknown Source)
	at java.lang.reflect.Method.invoke(Unknown Source)
	at org.testng.internal.MethodInvocationHelper.invokeMethod(MethodInvocationHelper.java:86)
	at org.testng.internal.Invoker.invokeMethod(Invoker.java:645)
	at org.testng.internal.Invoker.invokeTestMethod(Invoker.java:822)
	at org.testng.internal.Invoker.invokeTestMethods(Invoker.java:1130)
	at org.testng.internal.TestMethodWorker.invokeTestMethods(TestMethodWorker.java:129)
	at org.testng.internal.TestMethodWorker.run(TestMethodWorker.java:112)
	at org.testng.TestRunner.privateRun(TestRunner.java:782)
	at org.testng.TestRunner.run(TestRunner.java:632)
	at org.testng.SuiteRunner.runTest(SuiteRunner.java:366)
	at org.testng.SuiteRunner.runSequentially(SuiteRunner.java:361)
	at org.testng.SuiteRunner.privateRun(SuiteRunner.java:319)
	at org.testng.SuiteRunner.run(SuiteRunner.java:268)
	at org.testng.SuiteRunnerWorker.runSuite(SuiteRunnerWorker.java:52)
	at org.testng.SuiteRunnerWorker.run(SuiteRunnerWorker.java:86)
	at org.testng.TestNG.runSuitesSequentially(TestNG.java:1244)
	at org.testng.TestNG.runSuitesLocally(TestNG.java:1169)
	at org.testng.TestNG.run(TestNG.java:1064)
	at org.testng.remote.RemoteTestNG.run(RemoteTestNG.java:113)
	at org.testng.remote.RemoteTestNG.initAndRun(RemoteTestNG.java:206)
	at org.testng.remote.RemoteTestNG.main(RemoteTestNG.java:177)
]]>
            </full-stacktrace>
          </exception> <!-- org.openqa.selenium.NoSuchElementException -->
          <reporter-output>
          </reporter-output>
        </test-method> <!-- NewUserRegistrationCustomAcTest -->
        <test-method status="FAIL" signature="takeScreenShotOnFailure(org.testng.ITestResult)[pri:0, instance:com.totalwine.test.actions.NewUserRegistrationCustomAC@33723e30]" name="takeScreenShotOnFailure" is-config="true" duration-ms="0" started-at="2016-07-12T16:49:18Z" finished-at="2016-07-12T16:49:18Z">
          <params>
            <param index="0">
              <value>
                <![CDATA[[TestResult name=NewUserRegistrationCustomAcTest status=FAILURE method=NewUserRegistrationCustomAC.NewUserRegistrationCustomAcTest(java.lang.String, java.lang.String, java.lang.String, java.lang.String, java.lang.String, java.lang.String, java.lang.String, java.lang.String, java.lang.String, java.lang.String, java.lang.String, java.lang.String, java.lang.String, java.lang.String, java.lang.String, java.lang.String, java.lang.String, java.lang.String, java.lang.String, java.lang.String)[pri:0, instance:com.totalwine.test.actions.NewUserRegistrationCustomAC@33723e30] output={null}]]]>
              </value>
            </param>
          </params>
          <exception class="java.io.FileNotFoundException">
            <message>
              <![CDATA[C:\Users\rsud\.jenkins\userContent\FailureScreenshots\Production\FAIL_NewUserRegistrationCustomAcTest_2016-07-12 16 49 18.png (Access is denied)]]>
            </message>
            <full-stacktrace>
              <![CDATA[java.io.FileNotFoundException: C:\Users\rsud\.jenkins\userContent\FailureScreenshots\Production\FAIL_NewUserRegistrationCustomAcTest_2016-07-12 16 49 18.png (Access is denied)
	at java.io.FileOutputStream.open0(Native Method)
	at java.io.FileOutputStream.open(Unknown Source)
	at java.io.FileOutputStream.<init>(Unknown Source)
	at java.io.FileOutputStream.<init>(Unknown Source)
	at org.apache.commons.io.FileUtils.doCopyFile(FileUtils.java:1139)
	at org.apache.commons.io.FileUtils.copyFile(FileUtils.java:1091)
	at org.apache.commons.io.FileUtils.copyFile(FileUtils.java:1038)
	at com.totalwine.test.trials.Browser.takeScreenShotOnFailure(Browser.java:211)
	at sun.reflect.NativeMethodAccessorImpl.invoke0(Native Method)
	at sun.reflect.NativeMethodAccessorImpl.invoke(Unknown Source)
	at sun.reflect.DelegatingMethodAccessorImpl.invoke(Unknown Source)
	at java.lang.reflect.Method.invoke(Unknown Source)
	at org.testng.internal.MethodInvocationHelper.invokeMethod(MethodInvocationHelper.java:86)
	at org.testng.internal.Invoker.invokeConfigurationMethod(Invoker.java:514)
	at org.testng.internal.Invoker.invokeConfigurations(Invoker.java:215)
	at org.testng.internal.Invoker.invokeMethod(Invoker.java:709)
	at org.testng.internal.Invoker.invokeTestMethod(Invoker.java:822)
	at org.testng.internal.Invoker.invokeTestMethods(Invoker.java:1130)
	at org.testng.internal.TestMethodWorker.invokeTestMethods(TestMethodWorker.java:129)
	at org.testng.internal.TestMethodWorker.run(TestMethodWorker.java:112)
	at org.testng.TestRunner.privateRun(TestRunner.java:782)
	at org.testng.TestRunner.run(TestRunner.java:632)
	at org.testng.SuiteRunner.runTest(SuiteRunner.java:366)
	at org.testng.SuiteRunner.runSequentially(SuiteRunner.java:361)
	at org.testng.SuiteRunner.privateRun(SuiteRunner.java:319)
	at org.testng.SuiteRunner.run(SuiteRunner.java:268)
	at org.testng.SuiteRunnerWorker.runSuite(SuiteRunnerWorker.java:52)
	at org.testng.SuiteRunnerWorker.run(SuiteRunnerWorker.java:86)
	at org.testng.TestNG.runSuitesSequentially(TestNG.java:1244)
	at org.testng.TestNG.runSuitesLocally(TestNG.java:1169)
	at org.testng.TestNG.run(TestNG.java:1064)
	at org.testng.remote.RemoteTestNG.run(RemoteTestNG.java:113)
	at org.testng.remote.RemoteTestNG.initAndRun(RemoteTestNG.java:206)
	at org.testng.remote.RemoteTestNG.main(RemoteTestNG.java:177)
]]>
            </full-stacktrace>
          </exception> <!-- java.io.FileNotFoundException -->
          <reporter-output>
          </reporter-output>
        </test-method> <!-- takeScreenShotOnFailure -->
        <test-method status="SKIP" signature="openBrowser(java.lang.String)[pri:0, instance:com.totalwine.test.actions.NewUserRegistrationCustomAC@33723e30]" name="openBrowser" is-config="true" duration-ms="0" started-at="2016-07-12T16:49:18Z" finished-at="2016-07-12T16:49:18Z">
          <reporter-output>
          </reporter-output>
        </test-method> <!-- openBrowser -->
        <test-method status="SKIP" signature="setUp()[pri:0, instance:com.totalwine.test.actions.NewUserRegistrationCustomAC@33723e30]" name="setUp" is-config="true" duration-ms="0" started-at="2016-07-12T16:49:18Z" finished-at="2016-07-12T16:49:18Z">
          <reporter-output>
          </reporter-output>
        </test-method> <!-- setUp -->
        <test-method status="SKIP" signature="NewUserRegistrationCustomAcTest(java.lang.String, java.lang.String, java.lang.String, java.lang.String, java.lang.String, java.lang.String, java.lang.String, java.lang.String, java.lang.String, java.lang.String, java.lang.String, java.lang.String, java.lang.String, java.lang.String, java.lang.String, java.lang.String, java.lang.String, java.lang.String, java.lang.String, java.lang.String)[pri:0, instance:com.totalwine.test.actions.NewUserRegistrationCustomAC@33723e30]" name="NewUserRegistrationCustomAcTest" duration-ms="0" started-at="2016-07-12T16:49:18Z" data-provider="CheckoutParameters" finished-at="2016-07-12T16:49:18Z">
          <params>
            <param index="0">
              <value>
                <![CDATA[72.66.119.61]]>
              </value>
            </param>
            <param index="1">
              <value>
                <![CDATA[Mclean]]>
              </value>
            </param>
            <param index="2">
              <value>
                <![CDATA[/wine/red-wine/cabernet-sauvignon/iter-cabernet-sauvignon-napa-valley/p/142211750?s=1108&igrules=true]]>
              </value>
            </param>
            <param index="3">
              <value>
                <![CDATA[1]]>
              </value>
            </param>
            <param index="4">
              <value>
                <![CDATA[GROUND_HOME_DELIVERY]]>
              </value>
            </param>
            <param index="5">
              <value>
                <![CDATA[Checkout]]>
              </value>
            </param>
            <param index="6">
              <value>
                <![CDATA[Test]]>
              </value>
            </param>
            <param index="7">
              <value>
                <![CDATA[Test]]>
              </value>
            </param>
            <param index="8">
              <value>
                <![CDATA[9484 Main Street]]>
              </value>
            </param>
            <param index="9">
              <value>
                <![CDATA[Test]]>
              </value>
            </param>
            <param index="10">
              <value>
                <![CDATA[Fairfax]]>
              </value>
            </param>
            <param index="11">
              <value>
                <![CDATA[VA]]>
              </value>
            </param>
            <param index="12">
              <value>
                <![CDATA[22031]]>
              </value>
            </param>
            <param index="13">
              <value>
                <![CDATA[rsud@totalwine.com]]>
              </value>
            </param>
            <param index="14">
              <value>
                <![CDATA[grapes123]]>
              </value>
            </param>
            <param index="15">
              <value>
                <![CDATA[7038440877]]>
              </value>
            </param>
            <param index="16">
              <value>
                <![CDATA[4124939999999990]]>
              </value>
            </param>
            <param index="17">
              <value>
                <![CDATA[Jan]]>
              </value>
            </param>
            <param index="18">
              <value>
                <![CDATA[2018]]>
              </value>
            </param>
            <param index="19">
              <value>
                <![CDATA[123]]>
              </value>
            </param>
          </params>
          <reporter-output>
          </reporter-output>
        </test-method> <!-- NewUserRegistrationCustomAcTest -->
        <test-method status="SKIP" signature="takeScreenShotOnFailure(org.testng.ITestResult)[pri:0, instance:com.totalwine.test.actions.NewUserRegistrationCustomAC@33723e30]" name="takeScreenShotOnFailure" is-config="true" duration-ms="0" started-at="2016-07-12T16:49:18Z" finished-at="2016-07-12T16:49:18Z">
          <reporter-output>
          </reporter-output>
        </test-method> <!-- takeScreenShotOnFailure -->
        <test-method status="SKIP" signature="openBrowser(java.lang.String)[pri:0, instance:com.totalwine.test.actions.NewUserRegistrationCustomAC@33723e30]" name="openBrowser" is-config="true" duration-ms="0" started-at="2016-07-12T16:49:18Z" finished-at="2016-07-12T16:49:18Z">
          <reporter-output>
          </reporter-output>
        </test-method> <!-- openBrowser -->
        <test-method status="SKIP" signature="setUp()[pri:0, instance:com.totalwine.test.actions.NewUserRegistrationCustomAC@33723e30]" name="setUp" is-config="true" duration-ms="0" started-at="2016-07-12T16:49:18Z" finished-at="2016-07-12T16:49:18Z">
          <reporter-output>
          </reporter-output>
        </test-method> <!-- setUp -->
        <test-method status="SKIP" signature="NewUserRegistrationCustomAcTest(java.lang.String, java.lang.String, java.lang.String, java.lang.String, java.lang.String, java.lang.String, java.lang.String, java.lang.String, java.lang.String, java.lang.String, java.lang.String, java.lang.String, java.lang.String, java.lang.String, java.lang.String, java.lang.String, java.lang.String, java.lang.String, java.lang.String, java.lang.String)[pri:0, instance:com.totalwine.test.actions.NewUserRegistrationCustomAC@33723e30]" name="NewUserRegistrationCustomAcTest" duration-ms="1" started-at="2016-07-12T16:49:18Z" data-provider="CheckoutParameters" finished-at="2016-07-12T16:49:18Z">
          <params>
            <param index="0">
              <value>
                <![CDATA[72.66.119.61]]>
              </value>
            </param>
            <param index="1">
              <value>
                <![CDATA[Mclean]]>
              </value>
            </param>
            <param index="2">
              <value>
                <![CDATA[/wine/red-wine/cabernet-sauvignon/iter-cabernet-sauvignon-napa-valley/p/142211750?s=1108&igrules=true]]>
              </value>
            </param>
            <param index="3">
              <value>
                <![CDATA[1]]>
              </value>
            </param>
            <param index="4">
              <value>
                <![CDATA[GROUND_HOME_DELIVERY]]>
              </value>
            </param>
            <param index="5">
              <value>
                <![CDATA[Checkout]]>
              </value>
            </param>
            <param index="6">
              <value>
                <![CDATA[Test]]>
              </value>
            </param>
            <param index="7">
              <value>
                <![CDATA[Test]]>
              </value>
            </param>
            <param index="8">
              <value>
                <![CDATA[9484 Main Street]]>
              </value>
            </param>
            <param index="9">
              <value>
                <![CDATA[Test]]>
              </value>
            </param>
            <param index="10">
              <value>
                <![CDATA[Fairfax]]>
              </value>
            </param>
            <param index="11">
              <value>
                <![CDATA[VA]]>
              </value>
            </param>
            <param index="12">
              <value>
                <![CDATA[22031]]>
              </value>
            </param>
            <param index="13">
              <value>
                <![CDATA[jsnkth@twm.com]]>
              </value>
            </param>
            <param index="14">
              <value>
                <![CDATA[grapes123]]>
              </value>
            </param>
            <param index="15">
              <value>
                <![CDATA[7038440877]]>
              </value>
            </param>
            <param index="16">
              <value>
                <![CDATA[4124939999999990]]>
              </value>
            </param>
            <param index="17">
              <value>
                <![CDATA[Jan]]>
              </value>
            </param>
            <param index="18">
              <value>
                <![CDATA[2018]]>
              </value>
            </param>
            <param index="19">
              <value>
                <![CDATA[123]]>
              </value>
            </param>
          </params>
          <reporter-output>
          </reporter-output>
        </test-method> <!-- NewUserRegistrationCustomAcTest -->
        <test-method status="SKIP" signature="takeScreenShotOnFailure(org.testng.ITestResult)[pri:0, instance:com.totalwine.test.actions.NewUserRegistrationCustomAC@33723e30]" name="takeScreenShotOnFailure" is-config="true" duration-ms="0" started-at="2016-07-12T16:49:18Z" finished-at="2016-07-12T16:49:18Z">
          <reporter-output>
          </reporter-output>
        </test-method> <!-- takeScreenShotOnFailure -->
        <test-method status="SKIP" signature="openBrowser(java.lang.String)[pri:0, instance:com.totalwine.test.actions.NewUserRegistrationCustomAC@33723e30]" name="openBrowser" is-config="true" duration-ms="0" started-at="2016-07-12T16:49:18Z" finished-at="2016-07-12T16:49:18Z">
          <reporter-output>
          </reporter-output>
        </test-method> <!-- openBrowser -->
        <test-method status="SKIP" signature="setUp()[pri:0, instance:com.totalwine.test.actions.NewUserRegistrationCustomAC@33723e30]" name="setUp" is-config="true" duration-ms="0" started-at="2016-07-12T16:49:18Z" finished-at="2016-07-12T16:49:18Z">
          <reporter-output>
          </reporter-output>
        </test-method> <!-- setUp -->
        <test-method status="SKIP" signature="NewUserRegistrationCustomAcTest(java.lang.String, java.lang.String, java.lang.String, java.lang.String, java.lang.String, java.lang.String, java.lang.String, java.lang.String, java.lang.String, java.lang.String, java.lang.String, java.lang.String, java.lang.String, java.lang.String, java.lang.String, java.lang.String, java.lang.String, java.lang.String, java.lang.String, java.lang.String)[pri:0, instance:com.totalwine.test.actions.NewUserRegistrationCustomAC@33723e30]" name="NewUserRegistrationCustomAcTest" duration-ms="0" started-at="2016-07-12T16:49:18Z" data-provider="CheckoutParameters" finished-at="2016-07-12T16:49:18Z">
          <params>
            <param index="0">
              <value>
                <![CDATA[72.66.119.61]]>
              </value>
            </param>
            <param index="1">
              <value>
                <![CDATA[Mclean]]>
              </value>
            </param>
            <param index="2">
              <value>
                <![CDATA[/wine/red-wine/cabernet-sauvignon/iter-cabernet-sauvignon-napa-valley/p/142211750?s=1108&igrules=true]]>
              </value>
            </param>
            <param index="3">
              <value>
                <![CDATA[1]]>
              </value>
            </param>
            <param index="4">
              <value>
                <![CDATA[GROUND_HOME_DELIVERY]]>
              </value>
            </param>
            <param index="5">
              <value>
                <![CDATA[Checkout]]>
              </value>
            </param>
            <param index="6">
              <value>
                <![CDATA[Test]]>
              </value>
            </param>
            <param index="7">
              <value>
                <![CDATA[Test]]>
              </value>
            </param>
            <param index="8">
              <value>
                <![CDATA[9484 Main Street]]>
              </value>
            </param>
            <param index="9">
              <value>
                <![CDATA[Test]]>
              </value>
            </param>
            <param index="10">
              <value>
                <![CDATA[Fairfax]]>
              </value>
            </param>
            <param index="11">
              <value>
                <![CDATA[VA]]>
              </value>
            </param>
            <param index="12">
              <value>
                <![CDATA[22031]]>
              </value>
            </param>
            <param index="13">
              <value>
                <![CDATA[rsud@live.com]]>
              </value>
            </param>
            <param index="14">
              <value>
                <![CDATA[grapes123]]>
              </value>
            </param>
            <param index="15">
              <value>
                <![CDATA[7038440877]]>
              </value>
            </param>
            <param index="16">
              <value>
                <![CDATA[4124939999999990]]>
              </value>
            </param>
            <param index="17">
              <value>
                <![CDATA[Jan]]>
              </value>
            </param>
            <param index="18">
              <value>
                <![CDATA[2018]]>
              </value>
            </param>
            <param index="19">
              <value>
                <![CDATA[123]]>
              </value>
            </param>
          </params>
          <reporter-output>
          </reporter-output>
        </test-method> <!-- NewUserRegistrationCustomAcTest -->
        <test-method status="SKIP" signature="takeScreenShotOnFailure(org.testng.ITestResult)[pri:0, instance:com.totalwine.test.actions.NewUserRegistrationCustomAC@33723e30]" name="takeScreenShotOnFailure" is-config="true" duration-ms="0" started-at="2016-07-12T16:49:18Z" finished-at="2016-07-12T16:49:18Z">
          <reporter-output>
          </reporter-output>
        </test-method> <!-- takeScreenShotOnFailure -->
        <test-method status="SKIP" signature="openBrowser(java.lang.String)[pri:0, instance:com.totalwine.test.actions.NewUserRegistrationCustomAC@33723e30]" name="openBrowser" is-config="true" duration-ms="0" started-at="2016-07-12T16:49:18Z" finished-at="2016-07-12T16:49:18Z">
          <reporter-output>
          </reporter-output>
        </test-method> <!-- openBrowser -->
        <test-method status="SKIP" signature="setUp()[pri:0, instance:com.totalwine.test.actions.NewUserRegistrationCustomAC@33723e30]" name="setUp" is-config="true" duration-ms="0" started-at="2016-07-12T16:49:18Z" finished-at="2016-07-12T16:49:18Z">
          <reporter-output>
          </reporter-output>
        </test-method> <!-- setUp -->
        <test-method status="SKIP" signature="NewUserRegistrationCustomAcTest(java.lang.String, java.lang.String, java.lang.String, java.lang.String, java.lang.String, java.lang.String, java.lang.String, java.lang.String, java.lang.String, java.lang.String, java.lang.String, java.lang.String, java.lang.String, java.lang.String, java.lang.String, java.lang.String, java.lang.String, java.lang.String, java.lang.String, java.lang.String)[pri:0, instance:com.totalwine.test.actions.NewUserRegistrationCustomAC@33723e30]" name="NewUserRegistrationCustomAcTest" duration-ms="0" started-at="2016-07-12T16:49:18Z" data-provider="CheckoutParameters" finished-at="2016-07-12T16:49:18Z">
          <params>
            <param index="0">
              <value>
                <![CDATA[72.66.119.61]]>
              </value>
            </param>
            <param index="1">
              <value>
                <![CDATA[Mclean]]>
              </value>
            </param>
            <param index="2">
              <value>
                <![CDATA[/wine/red-wine/cabernet-sauvignon/iter-cabernet-sauvignon-napa-valley/p/142211750?s=1108&igrules=true]]>
              </value>
            </param>
            <param index="3">
              <value>
                <![CDATA[1]]>
              </value>
            </param>
            <param index="4">
              <value>
                <![CDATA[GROUND_HOME_DELIVERY]]>
              </value>
            </param>
            <param index="5">
              <value>
                <![CDATA[Checkout]]>
              </value>
            </param>
            <param index="6">
              <value>
                <![CDATA[Test]]>
              </value>
            </param>
            <param index="7">
              <value>
                <![CDATA[Test]]>
              </value>
            </param>
            <param index="8">
              <value>
                <![CDATA[9484 Main Street]]>
              </value>
            </param>
            <param index="9">
              <value>
                <![CDATA[Test]]>
              </value>
            </param>
            <param index="10">
              <value>
                <![CDATA[Fairfax]]>
              </value>
            </param>
            <param index="11">
              <value>
                <![CDATA[VA]]>
              </value>
            </param>
            <param index="12">
              <value>
                <![CDATA[22031]]>
              </value>
            </param>
            <param index="13">
              <value>
                <![CDATA[rsud79@gmail.com]]>
              </value>
            </param>
            <param index="14">
              <value>
                <![CDATA[grapes123]]>
              </value>
            </param>
            <param index="15">
              <value>
                <![CDATA[7038440877]]>
              </value>
            </param>
            <param index="16">
              <value>
                <![CDATA[4124939999999990]]>
              </value>
            </param>
            <param index="17">
              <value>
                <![CDATA[Jan]]>
              </value>
            </param>
            <param index="18">
              <value>
                <![CDATA[2018]]>
              </value>
            </param>
            <param index="19">
              <value>
                <![CDATA[123]]>
              </value>
            </param>
          </params>
          <reporter-output>
          </reporter-output>
        </test-method> <!-- NewUserRegistrationCustomAcTest -->
        <test-method status="SKIP" signature="takeScreenShotOnFailure(org.testng.ITestResult)[pri:0, instance:com.totalwine.test.actions.NewUserRegistrationCustomAC@33723e30]" name="takeScreenShotOnFailure" is-config="true" duration-ms="0" started-at="2016-07-12T16:49:18Z" finished-at="2016-07-12T16:49:18Z">
          <reporter-output>
          </reporter-output>
        </test-method> <!-- takeScreenShotOnFailure -->
        <test-method status="SKIP" signature="NewUserRegistrationCustomAcTest(java.lang.String, java.lang.String, java.lang.String, java.lang.String, java.lang.String, java.lang.String, java.lang.String, java.lang.String, java.lang.String, java.lang.String, java.lang.String, java.lang.String, java.lang.String, java.lang.String, java.lang.String, java.lang.String, java.lang.String, java.lang.String, java.lang.String, java.lang.String)[pri:0, instance:com.totalwine.test.actions.NewUserRegistrationCustomAC@33723e30]" name="NewUserRegistrationCustomAcTest" duration-ms="1" started-at="2016-07-12T16:49:18Z" data-provider="CheckoutParameters" finished-at="2016-07-12T16:49:18Z">
          <params>
            <param index="0">
              <value>
                <![CDATA[72.66.119.61]]>
              </value>
            </param>
            <param index="1">
              <value>
                <![CDATA[Mclean]]>
              </value>
            </param>
            <param index="2">
              <value>
                <![CDATA[/wine/red-wine/cabernet-sauvignon/iter-cabernet-sauvignon-napa-valley/p/142211750?s=1108&igrules=true]]>
              </value>
            </param>
            <param index="3">
              <value>
                <![CDATA[1]]>
              </value>
            </param>
            <param index="4">
              <value>
                <![CDATA[GROUND_HOME_DELIVERY]]>
              </value>
            </param>
            <param index="5">
              <value>
                <![CDATA[Checkout]]>
              </value>
            </param>
            <param index="6">
              <value>
                <![CDATA[Test]]>
              </value>
            </param>
            <param index="7">
              <value>
                <![CDATA[Test]]>
              </value>
            </param>
            <param index="8">
              <value>
                <![CDATA[9484 Main Street]]>
              </value>
            </param>
            <param index="9">
              <value>
                <![CDATA[Test]]>
              </value>
            </param>
            <param index="10">
              <value>
                <![CDATA[Fairfax]]>
              </value>
            </param>
            <param index="11">
              <value>
                <![CDATA[VA]]>
              </value>
            </param>
            <param index="12">
              <value>
                <![CDATA[22031]]>
              </value>
            </param>
            <param index="13">
              <value>
                <![CDATA[rajatsud@yahoo.com]]>
              </value>
            </param>
            <param index="14">
              <value>
                <![CDATA[grapes123]]>
              </value>
            </param>
            <param index="15">
              <value>
                <![CDATA[7038440877]]>
              </value>
            </param>
            <param index="16">
              <value>
                <![CDATA[4124939999999990]]>
              </value>
            </param>
            <param index="17">
              <value>
                <![CDATA[Jan]]>
              </value>
            </param>
            <param index="18">
              <value>
                <![CDATA[2018]]>
              </value>
            </param>
            <param index="19">
              <value>
                <![CDATA[123]]>
              </value>
            </param>
          </params>
          <reporter-output>
          </reporter-output>
        </test-method> <!-- NewUserRegistrationCustomAcTest -->
        <test-method status="SKIP" signature="setUp()[pri:0, instance:com.totalwine.test.actions.NewUserRegistrationCustomAC@33723e30]" name="setUp" is-config="true" duration-ms="0" started-at="2016-07-12T16:49:18Z" finished-at="2016-07-12T16:49:18Z">
          <reporter-output>
          </reporter-output>
        </test-method> <!-- setUp -->
        <test-method status="SKIP" signature="openBrowser(java.lang.String)[pri:0, instance:com.totalwine.test.actions.NewUserRegistrationCustomAC@33723e30]" name="openBrowser" is-config="true" duration-ms="0" started-at="2016-07-12T16:49:18Z" finished-at="2016-07-12T16:49:18Z">
          <reporter-output>
          </reporter-output>
        </test-method> <!-- openBrowser -->
        <test-method status="SKIP" signature="takeScreenShotOnFailure(org.testng.ITestResult)[pri:0, instance:com.totalwine.test.actions.NewUserRegistrationCustomAC@33723e30]" name="takeScreenShotOnFailure" is-config="true" duration-ms="0" started-at="2016-07-12T16:49:18Z" finished-at="2016-07-12T16:49:18Z">
          <reporter-output>
          </reporter-output>
        </test-method> <!-- takeScreenShotOnFailure -->
        <test-method status="SKIP" signature="NewUserRegistrationCustomAcTest(java.lang.String, java.lang.String, java.lang.String, java.lang.String, java.lang.String, java.lang.String, java.lang.String, java.lang.String, java.lang.String, java.lang.String, java.lang.String, java.lang.String, java.lang.String, java.lang.String, java.lang.String, java.lang.String, java.lang.String, java.lang.String, java.lang.String, java.lang.String)[pri:0, instance:com.totalwine.test.actions.NewUserRegistrationCustomAC@33723e30]" name="NewUserRegistrationCustomAcTest" duration-ms="1" started-at="2016-07-12T16:49:18Z" data-provider="CheckoutParameters" finished-at="2016-07-12T16:49:18Z">
          <params>
            <param index="0">
              <value>
                <![CDATA[72.66.119.61]]>
              </value>
            </param>
            <param index="1">
              <value>
                <![CDATA[Mclean]]>
              </value>
            </param>
            <param index="2">
              <value>
                <![CDATA[/wine/red-wine/cabernet-sauvignon/iter-cabernet-sauvignon-napa-valley/p/142211750?s=1108&igrules=true]]>
              </value>
            </param>
            <param index="3">
              <value>
                <![CDATA[1]]>
              </value>
            </param>
            <param index="4">
              <value>
                <![CDATA[GROUND_HOME_DELIVERY]]>
              </value>
            </param>
            <param index="5">
              <value>
                <![CDATA[Checkout]]>
              </value>
            </param>
            <param index="6">
              <value>
                <![CDATA[Test]]>
              </value>
            </param>
            <param index="7">
              <value>
                <![CDATA[Test]]>
              </value>
            </param>
            <param index="8">
              <value>
                <![CDATA[9484 Main Street]]>
              </value>
            </param>
            <param index="9">
              <value>
                <![CDATA[Test]]>
              </value>
            </param>
            <param index="10">
              <value>
                <![CDATA[Fairfax]]>
              </value>
            </param>
            <param index="11">
              <value>
                <![CDATA[VA]]>
              </value>
            </param>
            <param index="12">
              <value>
                <![CDATA[22031]]>
              </value>
            </param>
            <param index="13">
              <value>
                <![CDATA[dotautomationtest1@gmail.com]]>
              </value>
            </param>
            <param index="14">
              <value>
                <![CDATA[grapes123]]>
              </value>
            </param>
            <param index="15">
              <value>
                <![CDATA[7038440877]]>
              </value>
            </param>
            <param index="16">
              <value>
                <![CDATA[4124939999999990]]>
              </value>
            </param>
            <param index="17">
              <value>
                <![CDATA[Jan]]>
              </value>
            </param>
            <param index="18">
              <value>
                <![CDATA[2018]]>
              </value>
            </param>
            <param index="19">
              <value>
                <![CDATA[123]]>
              </value>
            </param>
          </params>
          <reporter-output>
          </reporter-output>
        </test-method> <!-- NewUserRegistrationCustomAcTest -->
        <test-method status="SKIP" signature="setUp()[pri:0, instance:com.totalwine.test.actions.NewUserRegistrationCustomAC@33723e30]" name="setUp" is-config="true" duration-ms="0" started-at="2016-07-12T16:49:18Z" finished-at="2016-07-12T16:49:18Z">
          <reporter-output>
          </reporter-output>
        </test-method> <!-- setUp -->
        <test-method status="SKIP" signature="openBrowser(java.lang.String)[pri:0, instance:com.totalwine.test.actions.NewUserRegistrationCustomAC@33723e30]" name="openBrowser" is-config="true" duration-ms="0" started-at="2016-07-12T16:49:18Z" finished-at="2016-07-12T16:49:18Z">
          <reporter-output>
          </reporter-output>
        </test-method> <!-- openBrowser -->
        <test-method status="SKIP" signature="takeScreenShotOnFailure(org.testng.ITestResult)[pri:0, instance:com.totalwine.test.actions.NewUserRegistrationCustomAC@33723e30]" name="takeScreenShotOnFailure" is-config="true" duration-ms="0" started-at="2016-07-12T16:49:18Z" finished-at="2016-07-12T16:49:18Z">
          <reporter-output>
          </reporter-output>
        </test-method> <!-- takeScreenShotOnFailure -->
        <test-method status="SKIP" signature="openBrowser(java.lang.String)[pri:0, instance:com.totalwine.test.actions.NewUserRegistrationCustomAC@33723e30]" name="openBrowser" is-config="true" duration-ms="0" started-at="2016-07-12T16:49:18Z" finished-at="2016-07-12T16:49:18Z">
          <reporter-output>
          </reporter-output>
        </test-method> <!-- openBrowser -->
        <test-method status="SKIP" signature="NewUserRegistrationCustomAcTest(java.lang.String, java.lang.String, java.lang.String, java.lang.String, java.lang.String, java.lang.String, java.lang.String, java.lang.String, java.lang.String, java.lang.String, java.lang.String, java.lang.String, java.lang.String, java.lang.String, java.lang.String, java.lang.String, java.lang.String, java.lang.String, java.lang.String, java.lang.String)[pri:0, instance:com.totalwine.test.actions.NewUserRegistrationCustomAC@33723e30]" name="NewUserRegistrationCustomAcTest" duration-ms="1" started-at="2016-07-12T16:49:18Z" data-provider="CheckoutParameters" finished-at="2016-07-12T16:49:18Z">
          <params>
            <param index="0">
              <value>
                <![CDATA[72.66.119.61]]>
              </value>
            </param>
            <param index="1">
              <value>
                <![CDATA[Mclean]]>
              </value>
            </param>
            <param index="2">
              <value>
                <![CDATA[/wine/red-wine/cabernet-sauvignon/iter-cabernet-sauvignon-napa-valley/p/142211750?s=1108&igrules=true]]>
              </value>
            </param>
            <param index="3">
              <value>
                <![CDATA[1]]>
              </value>
            </param>
            <param index="4">
              <value>
                <![CDATA[GROUND_HOME_DELIVERY]]>
              </value>
            </param>
            <param index="5">
              <value>
                <![CDATA[Checkout]]>
              </value>
            </param>
            <param index="6">
              <value>
                <![CDATA[Test]]>
              </value>
            </param>
            <param index="7">
              <value>
                <![CDATA[Test]]>
              </value>
            </param>
            <param index="8">
              <value>
                <![CDATA[9484 Main Street]]>
              </value>
            </param>
            <param index="9">
              <value>
                <![CDATA[Test]]>
              </value>
            </param>
            <param index="10">
              <value>
                <![CDATA[Fairfax]]>
              </value>
            </param>
            <param index="11">
              <value>
                <![CDATA[VA]]>
              </value>
            </param>
            <param index="12">
              <value>
                <![CDATA[22031]]>
              </value>
            </param>
            <param index="13">
              <value>
                <![CDATA[dotautomationtest2@gmail.com]]>
              </value>
            </param>
            <param index="14">
              <value>
                <![CDATA[grapes123]]>
              </value>
            </param>
            <param index="15">
              <value>
                <![CDATA[7038440877]]>
              </value>
            </param>
            <param index="16">
              <value>
                <![CDATA[4124939999999990]]>
              </value>
            </param>
            <param index="17">
              <value>
                <![CDATA[Jan]]>
              </value>
            </param>
            <param index="18">
              <value>
                <![CDATA[2018]]>
              </value>
            </param>
            <param index="19">
              <value>
                <![CDATA[123]]>
              </value>
            </param>
          </params>
          <reporter-output>
          </reporter-output>
        </test-method> <!-- NewUserRegistrationCustomAcTest -->
        <test-method status="SKIP" signature="setUp()[pri:0, instance:com.totalwine.test.actions.NewUserRegistrationCustomAC@33723e30]" name="setUp" is-config="true" duration-ms="0" started-at="2016-07-12T16:49:18Z" finished-at="2016-07-12T16:49:18Z">
          <reporter-output>
          </reporter-output>
        </test-method> <!-- setUp -->
        <test-method status="SKIP" signature="takeScreenShotOnFailure(org.testng.ITestResult)[pri:0, instance:com.totalwine.test.actions.NewUserRegistrationCustomAC@33723e30]" name="takeScreenShotOnFailure" is-config="true" duration-ms="0" started-at="2016-07-12T16:49:18Z" finished-at="2016-07-12T16:49:18Z">
          <reporter-output>
          </reporter-output>
        </test-method> <!-- takeScreenShotOnFailure -->
        <test-method status="SKIP" signature="openBrowser(java.lang.String)[pri:0, instance:com.totalwine.test.actions.NewUserRegistrationCustomAC@33723e30]" name="openBrowser" is-config="true" duration-ms="0" started-at="2016-07-12T16:49:18Z" finished-at="2016-07-12T16:49:18Z">
          <reporter-output>
          </reporter-output>
        </test-method> <!-- openBrowser -->
        <test-method status="SKIP" signature="setUp()[pri:0, instance:com.totalwine.test.actions.NewUserRegistrationCustomAC@33723e30]" name="setUp" is-config="true" duration-ms="0" started-at="2016-07-12T16:49:18Z" finished-at="2016-07-12T16:49:18Z">
          <reporter-output>
          </reporter-output>
        </test-method> <!-- setUp -->
        <test-method status="SKIP" signature="NewUserRegistrationCustomAcTest(java.lang.String, java.lang.String, java.lang.String, java.lang.String, java.lang.String, java.lang.String, java.lang.String, java.lang.String, java.lang.String, java.lang.String, java.lang.String, java.lang.String, java.lang.String, java.lang.String, java.lang.String, java.lang.String, java.lang.String, java.lang.String, java.lang.String, java.lang.String)[pri:0, instance:com.totalwine.test.actions.NewUserRegistrationCustomAC@33723e30]" name="NewUserRegistrationCustomAcTest" duration-ms="0" started-at="2016-07-12T16:49:18Z" data-provider="CheckoutParameters" finished-at="2016-07-12T16:49:18Z">
          <params>
            <param index="0">
              <value>
                <![CDATA[72.66.119.61]]>
              </value>
            </param>
            <param index="1">
              <value>
                <![CDATA[Mclean]]>
              </value>
            </param>
            <param index="2">
              <value>
                <![CDATA[/wine/red-wine/cabernet-sauvignon/iter-cabernet-sauvignon-napa-valley/p/142211750?s=1108&igrules=true]]>
              </value>
            </param>
            <param index="3">
              <value>
                <![CDATA[1]]>
              </value>
            </param>
            <param index="4">
              <value>
                <![CDATA[GROUND_HOME_DELIVERY]]>
              </value>
            </param>
            <param index="5">
              <value>
                <![CDATA[Checkout]]>
              </value>
            </param>
            <param index="6">
              <value>
                <![CDATA[Test]]>
              </value>
            </param>
            <param index="7">
              <value>
                <![CDATA[Test]]>
              </value>
            </param>
            <param index="8">
              <value>
                <![CDATA[9484 Main Street]]>
              </value>
            </param>
            <param index="9">
              <value>
                <![CDATA[Test]]>
              </value>
            </param>
            <param index="10">
              <value>
                <![CDATA[Fairfax]]>
              </value>
            </param>
            <param index="11">
              <value>
                <![CDATA[VA]]>
              </value>
            </param>
            <param index="12">
              <value>
                <![CDATA[22031]]>
              </value>
            </param>
            <param index="13">
              <value>
                <![CDATA[dotautomationtest3@gmail.com]]>
              </value>
            </param>
            <param index="14">
              <value>
                <![CDATA[grapes123]]>
              </value>
            </param>
            <param index="15">
              <value>
                <![CDATA[7038440877]]>
              </value>
            </param>
            <param index="16">
              <value>
                <![CDATA[4124939999999990]]>
              </value>
            </param>
            <param index="17">
              <value>
                <![CDATA[Jan]]>
              </value>
            </param>
            <param index="18">
              <value>
                <![CDATA[2018]]>
              </value>
            </param>
            <param index="19">
              <value>
                <![CDATA[123]]>
              </value>
            </param>
          </params>
          <reporter-output>
          </reporter-output>
        </test-method> <!-- NewUserRegistrationCustomAcTest -->
        <test-method status="SKIP" signature="takeScreenShotOnFailure(org.testng.ITestResult)[pri:0, instance:com.totalwine.test.actions.NewUserRegistrationCustomAC@33723e30]" name="takeScreenShotOnFailure" is-config="true" duration-ms="0" started-at="2016-07-12T16:49:18Z" finished-at="2016-07-12T16:49:18Z">
          <reporter-output>
          </reporter-output>
        </test-method> <!-- takeScreenShotOnFailure -->
        <test-method status="SKIP" signature="openBrowser(java.lang.String)[pri:0, instance:com.totalwine.test.actions.NewUserRegistrationCustomAC@33723e30]" name="openBrowser" is-config="true" duration-ms="0" started-at="2016-07-12T16:49:18Z" finished-at="2016-07-12T16:49:18Z">
          <reporter-output>
          </reporter-output>
        </test-method> <!-- openBrowser -->
        <test-method status="SKIP" signature="setUp()[pri:0, instance:com.totalwine.test.actions.NewUserRegistrationCustomAC@33723e30]" name="setUp" is-config="true" duration-ms="0" started-at="2016-07-12T16:49:18Z" finished-at="2016-07-12T16:49:18Z">
          <reporter-output>
          </reporter-output>
        </test-method> <!-- setUp -->
        <test-method status="SKIP" signature="NewUserRegistrationCustomAcTest(java.lang.String, java.lang.String, java.lang.String, java.lang.String, java.lang.String, java.lang.String, java.lang.String, java.lang.String, java.lang.String, java.lang.String, java.lang.String, java.lang.String, java.lang.String, java.lang.String, java.lang.String, java.lang.String, java.lang.String, java.lang.String, java.lang.String, java.lang.String)[pri:0, instance:com.totalwine.test.actions.NewUserRegistrationCustomAC@33723e30]" name="NewUserRegistrationCustomAcTest" duration-ms="0" started-at="2016-07-12T16:49:18Z" data-provider="CheckoutParameters" finished-at="2016-07-12T16:49:18Z">
          <params>
            <param index="0">
              <value>
                <![CDATA[72.66.119.61]]>
              </value>
            </param>
            <param index="1">
              <value>
                <![CDATA[Mclean]]>
              </value>
            </param>
            <param index="2">
              <value>
                <![CDATA[/wine/red-wine/cabernet-sauvignon/iter-cabernet-sauvignon-napa-valley/p/142211750?s=1108&igrules=true]]>
              </value>
            </param>
            <param index="3">
              <value>
                <![CDATA[1]]>
              </value>
            </param>
            <param index="4">
              <value>
                <![CDATA[GROUND_HOME_DELIVERY]]>
              </value>
            </param>
            <param index="5">
              <value>
                <![CDATA[Checkout]]>
              </value>
            </param>
            <param index="6">
              <value>
                <![CDATA[Test]]>
              </value>
            </param>
            <param index="7">
              <value>
                <![CDATA[Test]]>
              </value>
            </param>
            <param index="8">
              <value>
                <![CDATA[9484 Main Street]]>
              </value>
            </param>
            <param index="9">
              <value>
                <![CDATA[Test]]>
              </value>
            </param>
            <param index="10">
              <value>
                <![CDATA[Fairfax]]>
              </value>
            </param>
            <param index="11">
              <value>
                <![CDATA[VA]]>
              </value>
            </param>
            <param index="12">
              <value>
                <![CDATA[22031]]>
              </value>
            </param>
            <param index="13">
              <value>
                <![CDATA[dotautomationtest4@gmail.com]]>
              </value>
            </param>
            <param index="14">
              <value>
                <![CDATA[grapes123]]>
              </value>
            </param>
            <param index="15">
              <value>
                <![CDATA[7038440877]]>
              </value>
            </param>
            <param index="16">
              <value>
                <![CDATA[4124939999999990]]>
              </value>
            </param>
            <param index="17">
              <value>
                <![CDATA[Jan]]>
              </value>
            </param>
            <param index="18">
              <value>
                <![CDATA[2018]]>
              </value>
            </param>
            <param index="19">
              <value>
                <![CDATA[123]]>
              </value>
            </param>
          </params>
          <reporter-output>
          </reporter-output>
        </test-method> <!-- NewUserRegistrationCustomAcTest -->
        <test-method status="SKIP" signature="openBrowser(java.lang.String)[pri:0, instance:com.totalwine.test.actions.NewUserRegistrationCustomAC@33723e30]" name="openBrowser" is-config="true" duration-ms="0" started-at="2016-07-12T16:49:18Z" finished-at="2016-07-12T16:49:18Z">
          <reporter-output>
          </reporter-output>
        </test-method> <!-- openBrowser -->
        <test-method status="SKIP" signature="takeScreenShotOnFailure(org.testng.ITestResult)[pri:0, instance:com.totalwine.test.actions.NewUserRegistrationCustomAC@33723e30]" name="takeScreenShotOnFailure" is-config="true" duration-ms="0" started-at="2016-07-12T16:49:18Z" finished-at="2016-07-12T16:49:18Z">
          <reporter-output>
          </reporter-output>
        </test-method> <!-- takeScreenShotOnFailure -->
        <test-method status="SKIP" signature="setUp()[pri:0, instance:com.totalwine.test.actions.NewUserRegistrationCustomAC@33723e30]" name="setUp" is-config="true" duration-ms="0" started-at="2016-07-12T16:49:18Z" finished-at="2016-07-12T16:49:18Z">
          <reporter-output>
          </reporter-output>
        </test-method> <!-- setUp -->
        <test-method status="SKIP" signature="NewUserRegistrationCustomAcTest(java.lang.String, java.lang.String, java.lang.String, java.lang.String, java.lang.String, java.lang.String, java.lang.String, java.lang.String, java.lang.String, java.lang.String, java.lang.String, java.lang.String, java.lang.String, java.lang.String, java.lang.String, java.lang.String, java.lang.String, java.lang.String, java.lang.String, java.lang.String)[pri:0, instance:com.totalwine.test.actions.NewUserRegistrationCustomAC@33723e30]" name="NewUserRegistrationCustomAcTest" duration-ms="0" started-at="2016-07-12T16:49:18Z" data-provider="CheckoutParameters" finished-at="2016-07-12T16:49:18Z">
          <params>
            <param index="0">
              <value>
                <![CDATA[72.66.119.61]]>
              </value>
            </param>
            <param index="1">
              <value>
                <![CDATA[Mclean]]>
              </value>
            </param>
            <param index="2">
              <value>
                <![CDATA[/wine/red-wine/cabernet-sauvignon/iter-cabernet-sauvignon-napa-valley/p/142211750?s=1108&igrules=true]]>
              </value>
            </param>
            <param index="3">
              <value>
                <![CDATA[1]]>
              </value>
            </param>
            <param index="4">
              <value>
                <![CDATA[GROUND_HOME_DELIVERY]]>
              </value>
            </param>
            <param index="5">
              <value>
                <![CDATA[Checkout]]>
              </value>
            </param>
            <param index="6">
              <value>
                <![CDATA[Test]]>
              </value>
            </param>
            <param index="7">
              <value>
                <![CDATA[Test]]>
              </value>
            </param>
            <param index="8">
              <value>
                <![CDATA[9484 Main Street]]>
              </value>
            </param>
            <param index="9">
              <value>
                <![CDATA[Test]]>
              </value>
            </param>
            <param index="10">
              <value>
                <![CDATA[Fairfax]]>
              </value>
            </param>
            <param index="11">
              <value>
                <![CDATA[VA]]>
              </value>
            </param>
            <param index="12">
              <value>
                <![CDATA[22031]]>
              </value>
            </param>
            <param index="13">
              <value>
                <![CDATA[dotautomationtest5@gmail.com]]>
              </value>
            </param>
            <param index="14">
              <value>
                <![CDATA[grapes123]]>
              </value>
            </param>
            <param index="15">
              <value>
                <![CDATA[7038440877]]>
              </value>
            </param>
            <param index="16">
              <value>
                <![CDATA[4124939999999990]]>
              </value>
            </param>
            <param index="17">
              <value>
                <![CDATA[Jan]]>
              </value>
            </param>
            <param index="18">
              <value>
                <![CDATA[2018]]>
              </value>
            </param>
            <param index="19">
              <value>
                <![CDATA[123]]>
              </value>
            </param>
          </params>
          <reporter-output>
          </reporter-output>
        </test-method> <!-- NewUserRegistrationCustomAcTest -->
        <test-method status="SKIP" signature="openBrowser(java.lang.String)[pri:0, instance:com.totalwine.test.actions.NewUserRegistrationCustomAC@33723e30]" name="openBrowser" is-config="true" duration-ms="0" started-at="2016-07-12T16:49:18Z" finished-at="2016-07-12T16:49:18Z">
          <reporter-output>
          </reporter-output>
        </test-method> <!-- openBrowser -->
        <test-method status="SKIP" signature="takeScreenShotOnFailure(org.testng.ITestResult)[pri:0, instance:com.totalwine.test.actions.NewUserRegistrationCustomAC@33723e30]" name="takeScreenShotOnFailure" is-config="true" duration-ms="0" started-at="2016-07-12T16:49:18Z" finished-at="2016-07-12T16:49:18Z">
          <reporter-output>
          </reporter-output>
        </test-method> <!-- takeScreenShotOnFailure -->
        <test-method status="SKIP" signature="setUp()[pri:0, instance:com.totalwine.test.actions.NewUserRegistrationCustomAC@33723e30]" name="setUp" is-config="true" duration-ms="0" started-at="2016-07-12T16:49:18Z" finished-at="2016-07-12T16:49:18Z">
          <reporter-output>
          </reporter-output>
        </test-method> <!-- setUp -->
        <test-method status="SKIP" signature="NewUserRegistrationCustomAcTest(java.lang.String, java.lang.String, java.lang.String, java.lang.String, java.lang.String, java.lang.String, java.lang.String, java.lang.String, java.lang.String, java.lang.String, java.lang.String, java.lang.String, java.lang.String, java.lang.String, java.lang.String, java.lang.String, java.lang.String, java.lang.String, java.lang.String, java.lang.String)[pri:0, instance:com.totalwine.test.actions.NewUserRegistrationCustomAC@33723e30]" name="NewUserRegistrationCustomAcTest" duration-ms="0" started-at="2016-07-12T16:49:18Z" data-provider="CheckoutParameters" finished-at="2016-07-12T16:49:18Z">
          <params>
            <param index="0">
              <value>
                <![CDATA[72.66.119.61]]>
              </value>
            </param>
            <param index="1">
              <value>
                <![CDATA[Mclean]]>
              </value>
            </param>
            <param index="2">
              <value>
                <![CDATA[/wine/red-wine/cabernet-sauvignon/iter-cabernet-sauvignon-napa-valley/p/142211750?s=1108&igrules=true]]>
              </value>
            </param>
            <param index="3">
              <value>
                <![CDATA[1]]>
              </value>
            </param>
            <param index="4">
              <value>
                <![CDATA[GROUND_HOME_DELIVERY]]>
              </value>
            </param>
            <param index="5">
              <value>
                <![CDATA[Checkout]]>
              </value>
            </param>
            <param index="6">
              <value>
                <![CDATA[Test]]>
              </value>
            </param>
            <param index="7">
              <value>
                <![CDATA[Test]]>
              </value>
            </param>
            <param index="8">
              <value>
                <![CDATA[9484 Main Street]]>
              </value>
            </param>
            <param index="9">
              <value>
                <![CDATA[Test]]>
              </value>
            </param>
            <param index="10">
              <value>
                <![CDATA[Fairfax]]>
              </value>
            </param>
            <param index="11">
              <value>
                <![CDATA[VA]]>
              </value>
            </param>
            <param index="12">
              <value>
                <![CDATA[22031]]>
              </value>
            </param>
            <param index="13">
              <value>
                <![CDATA[dotautomationtest6@gmail.com]]>
              </value>
            </param>
            <param index="14">
              <value>
                <![CDATA[grapes123]]>
              </value>
            </param>
            <param index="15">
              <value>
                <![CDATA[7038440877]]>
              </value>
            </param>
            <param index="16">
              <value>
                <![CDATA[4124939999999990]]>
              </value>
            </param>
            <param index="17">
              <value>
                <![CDATA[Jan]]>
              </value>
            </param>
            <param index="18">
              <value>
                <![CDATA[2018]]>
              </value>
            </param>
            <param index="19">
              <value>
                <![CDATA[123]]>
              </value>
            </param>
          </params>
          <reporter-output>
          </reporter-output>
        </test-method> <!-- NewUserRegistrationCustomAcTest -->
        <test-method status="SKIP" signature="takeScreenShotOnFailure(org.testng.ITestResult)[pri:0, instance:com.totalwine.test.actions.NewUserRegistrationCustomAC@33723e30]" name="takeScreenShotOnFailure" is-config="true" duration-ms="0" started-at="2016-07-12T16:49:18Z" finished-at="2016-07-12T16:49:18Z">
          <reporter-output>
          </reporter-output>
        </test-method> <!-- takeScreenShotOnFailure -->
        <test-method status="SKIP" signature="openBrowser(java.lang.String)[pri:0, instance:com.totalwine.test.actions.NewUserRegistrationCustomAC@33723e30]" name="openBrowser" is-config="true" duration-ms="0" started-at="2016-07-12T16:49:18Z" finished-at="2016-07-12T16:49:18Z">
          <reporter-output>
          </reporter-output>
        </test-method> <!-- openBrowser -->
        <test-method status="SKIP" signature="setUp()[pri:0, instance:com.totalwine.test.actions.NewUserRegistrationCustomAC@33723e30]" name="setUp" is-config="true" duration-ms="0" started-at="2016-07-12T16:49:18Z" finished-at="2016-07-12T16:49:18Z">
          <reporter-output>
          </reporter-output>
        </test-method> <!-- setUp -->
        <test-method status="SKIP" signature="NewUserRegistrationCustomAcTest(java.lang.String, java.lang.String, java.lang.String, java.lang.String, java.lang.String, java.lang.String, java.lang.String, java.lang.String, java.lang.String, java.lang.String, java.lang.String, java.lang.String, java.lang.String, java.lang.String, java.lang.String, java.lang.String, java.lang.String, java.lang.String, java.lang.String, java.lang.String)[pri:0, instance:com.totalwine.test.actions.NewUserRegistrationCustomAC@33723e30]" name="NewUserRegistrationCustomAcTest" duration-ms="0" started-at="2016-07-12T16:49:18Z" data-provider="CheckoutParameters" finished-at="2016-07-12T16:49:18Z">
          <params>
            <param index="0">
              <value>
                <![CDATA[72.66.119.61]]>
              </value>
            </param>
            <param index="1">
              <value>
                <![CDATA[Mclean]]>
              </value>
            </param>
            <param index="2">
              <value>
                <![CDATA[/wine/red-wine/cabernet-sauvignon/iter-cabernet-sauvignon-napa-valley/p/142211750?s=1108&igrules=true]]>
              </value>
            </param>
            <param index="3">
              <value>
                <![CDATA[1]]>
              </value>
            </param>
            <param index="4">
              <value>
                <![CDATA[GROUND_HOME_DELIVERY]]>
              </value>
            </param>
            <param index="5">
              <value>
                <![CDATA[Checkout]]>
              </value>
            </param>
            <param index="6">
              <value>
                <![CDATA[Test]]>
              </value>
            </param>
            <param index="7">
              <value>
                <![CDATA[Test]]>
              </value>
            </param>
            <param index="8">
              <value>
                <![CDATA[9484 Main Street]]>
              </value>
            </param>
            <param index="9">
              <value>
                <![CDATA[Test]]>
              </value>
            </param>
            <param index="10">
              <value>
                <![CDATA[Fairfax]]>
              </value>
            </param>
            <param index="11">
              <value>
                <![CDATA[VA]]>
              </value>
            </param>
            <param index="12">
              <value>
                <![CDATA[22031]]>
              </value>
            </param>
            <param index="13">
              <value>
                <![CDATA[dotautomationtest7@gmail.com]]>
              </value>
            </param>
            <param index="14">
              <value>
                <![CDATA[grapes123]]>
              </value>
            </param>
            <param index="15">
              <value>
                <![CDATA[7038440877]]>
              </value>
            </param>
            <param index="16">
              <value>
                <![CDATA[4124939999999990]]>
              </value>
            </param>
            <param index="17">
              <value>
                <![CDATA[Jan]]>
              </value>
            </param>
            <param index="18">
              <value>
                <![CDATA[2018]]>
              </value>
            </param>
            <param index="19">
              <value>
                <![CDATA[123]]>
              </value>
            </param>
          </params>
          <reporter-output>
          </reporter-output>
        </test-method> <!-- NewUserRegistrationCustomAcTest -->
        <test-method status="SKIP" signature="takeScreenShotOnFailure(org.testng.ITestResult)[pri:0, instance:com.totalwine.test.actions.NewUserRegistrationCustomAC@33723e30]" name="takeScreenShotOnFailure" is-config="true" duration-ms="0" started-at="2016-07-12T16:49:18Z" finished-at="2016-07-12T16:49:18Z">
          <reporter-output>
          </reporter-output>
        </test-method> <!-- takeScreenShotOnFailure -->
        <test-method status="SKIP" signature="openBrowser(java.lang.String)[pri:0, instance:com.totalwine.test.actions.NewUserRegistrationCustomAC@33723e30]" name="openBrowser" is-config="true" duration-ms="0" started-at="2016-07-12T16:49:18Z" finished-at="2016-07-12T16:49:18Z">
          <reporter-output>
          </reporter-output>
        </test-method> <!-- openBrowser -->
        <test-method status="SKIP" signature="setUp()[pri:0, instance:com.totalwine.test.actions.NewUserRegistrationCustomAC@33723e30]" name="setUp" is-config="true" duration-ms="0" started-at="2016-07-12T16:49:18Z" finished-at="2016-07-12T16:49:18Z">
          <reporter-output>
          </reporter-output>
        </test-method> <!-- setUp -->
        <test-method status="SKIP" signature="NewUserRegistrationCustomAcTest(java.lang.String, java.lang.String, java.lang.String, java.lang.String, java.lang.String, java.lang.String, java.lang.String, java.lang.String, java.lang.String, java.lang.String, java.lang.String, java.lang.String, java.lang.String, java.lang.String, java.lang.String, java.lang.String, java.lang.String, java.lang.String, java.lang.String, java.lang.String)[pri:0, instance:com.totalwine.test.actions.NewUserRegistrationCustomAC@33723e30]" name="NewUserRegistrationCustomAcTest" duration-ms="0" started-at="2016-07-12T16:49:18Z" data-provider="CheckoutParameters" finished-at="2016-07-12T16:49:18Z">
          <params>
            <param index="0">
              <value>
                <![CDATA[72.66.119.61]]>
              </value>
            </param>
            <param index="1">
              <value>
                <![CDATA[Mclean]]>
              </value>
            </param>
            <param index="2">
              <value>
                <![CDATA[/wine/red-wine/cabernet-sauvignon/iter-cabernet-sauvignon-napa-valley/p/142211750?s=1108&igrules=true]]>
              </value>
            </param>
            <param index="3">
              <value>
                <![CDATA[1]]>
              </value>
            </param>
            <param index="4">
              <value>
                <![CDATA[GROUND_HOME_DELIVERY]]>
              </value>
            </param>
            <param index="5">
              <value>
                <![CDATA[Checkout]]>
              </value>
            </param>
            <param index="6">
              <value>
                <![CDATA[Test]]>
              </value>
            </param>
            <param index="7">
              <value>
                <![CDATA[Test]]>
              </value>
            </param>
            <param index="8">
              <value>
                <![CDATA[9484 Main Street]]>
              </value>
            </param>
            <param index="9">
              <value>
                <![CDATA[Test]]>
              </value>
            </param>
            <param index="10">
              <value>
                <![CDATA[Fairfax]]>
              </value>
            </param>
            <param index="11">
              <value>
                <![CDATA[VA]]>
              </value>
            </param>
            <param index="12">
              <value>
                <![CDATA[22031]]>
              </value>
            </param>
            <param index="13">
              <value>
                <![CDATA[dotautomationtest8@gmail.com]]>
              </value>
            </param>
            <param index="14">
              <value>
                <![CDATA[grapes123]]>
              </value>
            </param>
            <param index="15">
              <value>
                <![CDATA[7038440877]]>
              </value>
            </param>
            <param index="16">
              <value>
                <![CDATA[4124939999999990]]>
              </value>
            </param>
            <param index="17">
              <value>
                <![CDATA[Jan]]>
              </value>
            </param>
            <param index="18">
              <value>
                <![CDATA[2018]]>
              </value>
            </param>
            <param index="19">
              <value>
                <![CDATA[123]]>
              </value>
            </param>
          </params>
          <reporter-output>
          </reporter-output>
        </test-method> <!-- NewUserRegistrationCustomAcTest -->
        <test-method status="SKIP" signature="openBrowser(java.lang.String)[pri:0, instance:com.totalwine.test.actions.NewUserRegistrationCustomAC@33723e30]" name="openBrowser" is-config="true" duration-ms="0" started-at="2016-07-12T16:49:18Z" finished-at="2016-07-12T16:49:18Z">
          <reporter-output>
          </reporter-output>
        </test-method> <!-- openBrowser -->
        <test-method status="SKIP" signature="takeScreenShotOnFailure(org.testng.ITestResult)[pri:0, instance:com.totalwine.test.actions.NewUserRegistrationCustomAC@33723e30]" name="takeScreenShotOnFailure" is-config="true" duration-ms="0" started-at="2016-07-12T16:49:18Z" finished-at="2016-07-12T16:49:18Z">
          <reporter-output>
          </reporter-output>
        </test-method> <!-- takeScreenShotOnFailure -->
        <test-method status="SKIP" signature="setUp()[pri:0, instance:com.totalwine.test.actions.NewUserRegistrationCustomAC@33723e30]" name="setUp" is-config="true" duration-ms="0" started-at="2016-07-12T16:49:18Z" finished-at="2016-07-12T16:49:18Z">
          <reporter-output>
          </reporter-output>
        </test-method> <!-- setUp -->
        <test-method status="SKIP" signature="takeScreenShotOnFailure(org.testng.ITestResult)[pri:0, instance:com.totalwine.test.actions.NewUserRegistrationCustomAC@33723e30]" name="takeScreenShotOnFailure" is-config="true" duration-ms="0" started-at="2016-07-12T16:49:18Z" finished-at="2016-07-12T16:49:18Z">
          <reporter-output>
          </reporter-output>
        </test-method> <!-- takeScreenShotOnFailure -->
        <test-method status="SKIP" signature="NewUserRegistrationCustomAcTest(java.lang.String, java.lang.String, java.lang.String, java.lang.String, java.lang.String, java.lang.String, java.lang.String, java.lang.String, java.lang.String, java.lang.String, java.lang.String, java.lang.String, java.lang.String, java.lang.String, java.lang.String, java.lang.String, java.lang.String, java.lang.String, java.lang.String, java.lang.String)[pri:0, instance:com.totalwine.test.actions.NewUserRegistrationCustomAC@33723e30]" name="NewUserRegistrationCustomAcTest" duration-ms="0" started-at="2016-07-12T16:49:18Z" data-provider="CheckoutParameters" finished-at="2016-07-12T16:49:18Z">
          <params>
            <param index="0">
              <value>
                <![CDATA[72.66.119.61]]>
              </value>
            </param>
            <param index="1">
              <value>
                <![CDATA[Mclean]]>
              </value>
            </param>
            <param index="2">
              <value>
                <![CDATA[/wine/red-wine/cabernet-sauvignon/iter-cabernet-sauvignon-napa-valley/p/142211750?s=1108&igrules=true]]>
              </value>
            </param>
            <param index="3">
              <value>
                <![CDATA[1]]>
              </value>
            </param>
            <param index="4">
              <value>
                <![CDATA[GROUND_HOME_DELIVERY]]>
              </value>
            </param>
            <param index="5">
              <value>
                <![CDATA[Checkout]]>
              </value>
            </param>
            <param index="6">
              <value>
                <![CDATA[Test]]>
              </value>
            </param>
            <param index="7">
              <value>
                <![CDATA[Test]]>
              </value>
            </param>
            <param index="8">
              <value>
                <![CDATA[9484 Main Street]]>
              </value>
            </param>
            <param index="9">
              <value>
                <![CDATA[Test]]>
              </value>
            </param>
            <param index="10">
              <value>
                <![CDATA[Fairfax]]>
              </value>
            </param>
            <param index="11">
              <value>
                <![CDATA[VA]]>
              </value>
            </param>
            <param index="12">
              <value>
                <![CDATA[22031]]>
              </value>
            </param>
            <param index="13">
              <value>
                <![CDATA[dotautomationtest9@gmail.com]]>
              </value>
            </param>
            <param index="14">
              <value>
                <![CDATA[grapes123]]>
              </value>
            </param>
            <param index="15">
              <value>
                <![CDATA[7038440877]]>
              </value>
            </param>
            <param index="16">
              <value>
                <![CDATA[4124939999999990]]>
              </value>
            </param>
            <param index="17">
              <value>
                <![CDATA[Jan]]>
              </value>
            </param>
            <param index="18">
              <value>
                <![CDATA[2018]]>
              </value>
            </param>
            <param index="19">
              <value>
                <![CDATA[123]]>
              </value>
            </param>
          </params>
          <reporter-output>
          </reporter-output>
        </test-method> <!-- NewUserRegistrationCustomAcTest -->
        <test-method status="SKIP" signature="setUp()[pri:0, instance:com.totalwine.test.actions.NewUserRegistrationCustomAC@33723e30]" name="setUp" is-config="true" duration-ms="0" started-at="2016-07-12T16:49:18Z" finished-at="2016-07-12T16:49:18Z">
          <reporter-output>
          </reporter-output>
        </test-method> <!-- setUp -->
        <test-method status="SKIP" signature="openBrowser(java.lang.String)[pri:0, instance:com.totalwine.test.actions.NewUserRegistrationCustomAC@33723e30]" name="openBrowser" is-config="true" duration-ms="0" started-at="2016-07-12T16:49:18Z" finished-at="2016-07-12T16:49:18Z">
          <reporter-output>
          </reporter-output>
        </test-method> <!-- openBrowser -->
        <test-method status="SKIP" signature="NewUserRegistrationCustomAcTest(java.lang.String, java.lang.String, java.lang.String, java.lang.String, java.lang.String, java.lang.String, java.lang.String, java.lang.String, java.lang.String, java.lang.String, java.lang.String, java.lang.String, java.lang.String, java.lang.String, java.lang.String, java.lang.String, java.lang.String, java.lang.String, java.lang.String, java.lang.String)[pri:0, instance:com.totalwine.test.actions.NewUserRegistrationCustomAC@33723e30]" name="NewUserRegistrationCustomAcTest" duration-ms="0" started-at="2016-07-12T16:49:18Z" data-provider="CheckoutParameters" finished-at="2016-07-12T16:49:18Z">
          <params>
            <param index="0">
              <value>
                <![CDATA[72.66.119.61]]>
              </value>
            </param>
            <param index="1">
              <value>
                <![CDATA[Mclean]]>
              </value>
            </param>
            <param index="2">
              <value>
                <![CDATA[/wine/red-wine/cabernet-sauvignon/iter-cabernet-sauvignon-napa-valley/p/142211750?s=1108&igrules=true]]>
              </value>
            </param>
            <param index="3">
              <value>
                <![CDATA[1]]>
              </value>
            </param>
            <param index="4">
              <value>
                <![CDATA[GROUND_HOME_DELIVERY]]>
              </value>
            </param>
            <param index="5">
              <value>
                <![CDATA[Checkout]]>
              </value>
            </param>
            <param index="6">
              <value>
                <![CDATA[Test]]>
              </value>
            </param>
            <param index="7">
              <value>
                <![CDATA[Test]]>
              </value>
            </param>
            <param index="8">
              <value>
                <![CDATA[9484 Main Street]]>
              </value>
            </param>
            <param index="9">
              <value>
                <![CDATA[Test]]>
              </value>
            </param>
            <param index="10">
              <value>
                <![CDATA[Fairfax]]>
              </value>
            </param>
            <param index="11">
              <value>
                <![CDATA[VA]]>
              </value>
            </param>
            <param index="12">
              <value>
                <![CDATA[22031]]>
              </value>
            </param>
            <param index="13">
              <value>
                <![CDATA[dotautomationtest10@gmail.com]]>
              </value>
            </param>
            <param index="14">
              <value>
                <![CDATA[grapes123]]>
              </value>
            </param>
            <param index="15">
              <value>
                <![CDATA[7038440877]]>
              </value>
            </param>
            <param index="16">
              <value>
                <![CDATA[4124939999999990]]>
              </value>
            </param>
            <param index="17">
              <value>
                <![CDATA[Jan]]>
              </value>
            </param>
            <param index="18">
              <value>
                <![CDATA[2018]]>
              </value>
            </param>
            <param index="19">
              <value>
                <![CDATA[123]]>
              </value>
            </param>
          </params>
          <reporter-output>
          </reporter-output>
        </test-method> <!-- NewUserRegistrationCustomAcTest -->
        <test-method status="SKIP" signature="quit()[pri:0, instance:com.totalwine.test.actions.NewUserRegistrationCustomAC@33723e30]" name="quit" is-config="true" duration-ms="0" started-at="2016-07-12T16:49:18Z" finished-at="2016-07-12T16:49:18Z">
          <reporter-output>
          </reporter-output>
        </test-method> <!-- quit -->
        <test-method status="SKIP" signature="takeScreenShotOnFailure(org.testng.ITestResult)[pri:0, instance:com.totalwine.test.actions.NewUserRegistrationCustomAC@33723e30]" name="takeScreenShotOnFailure" is-config="true" duration-ms="0" started-at="2016-07-12T16:49:18Z" finished-at="2016-07-12T16:49:18Z">
          <reporter-output>
          </reporter-output>
        </test-method> <!-- takeScreenShotOnFailure -->
      </class> <!-- com.totalwine.test.actions.NewUserRegistrationCustomAC -->
    </test> <!-- Chrome test -->
  </suite> <!-- MultiBrowserSuite -->
</testng-results>
